2023-08-27 20:47:12,522 [INFO] Activator:178 - 


2023-08-27 20:47:12,525 [INFO] Activator:179 - !SESSION log4j initialized
2023-08-27 20:47:41,043 [INFO] ApplicationProperties:181 - Using Application install path: C:\ST\STM32CubeIDE_1.4.0\STM32CubeIDE\plugins\com.st.stm32cube.common.mx_6.0.0.202007160824
2023-08-27 20:47:41,054 [INFO] DbMcusXml:70 - Set database path to: C:\ST\STM32CubeIDE_1.4.0\STM32CubeIDE\plugins\com.st.stm32cube.common.mx_6.0.0.202007160824\\db\/mcu/
2023-08-27 20:47:41,057 [INFO] DbBoardsPdsc:56 - Set plugin database path to: C:\ST\STM32CubeIDE_1.4.0\STM32CubeIDE\plugins\com.st.stm32cube.common.mx_6.0.0.202007160824\\db\/plugins/boardmanager/
2023-08-27 20:47:41,057 [INFO] DbMcus:258 - Set plugin images path to: C:\ST\STM32CubeIDE_1.4.0\STM32CubeIDE\plugins\com.st.stm32cube.common.mx_6.0.0.202007160824\\db\/plugins/mcufinder/images/
2023-08-27 20:47:41,057 [INFO] DbBoards:264 - Set plugin images path to: C:\ST\STM32CubeIDE_1.4.0\STM32CubeIDE\plugins\com.st.stm32cube.common.mx_6.0.0.202007160824\\db\/plugins/mcufinder/images/
2023-08-27 20:47:41,059 [INFO] DbExamples:326 - Set plugin images path to: C:\ST\STM32CubeIDE_1.4.0\STM32CubeIDE\plugins\com.st.stm32cube.common.mx_6.0.0.202007160824\\db\/plugins/mcufinder/images/
2023-08-27 20:47:41,064 [INFO] DbMcusDocs:112 - Set database path to: C:\Users\Admin\.stmcufinder\plugins\mcufinder//mcu/
2023-08-27 20:47:41,066 [INFO] DbMcusJson:63 - Set database path to: C:\Users\Admin\.stmcufinder\plugins\mcufinder//mcu/
2023-08-27 20:47:41,066 [INFO] DbBoardsDocs:112 - Set database path to: C:\Users\Admin\.stmcufinder\plugins\mcufinder//mcu/
2023-08-27 20:47:41,067 [INFO] DbBoardsJson:56 - Set database path to: C:\Users\Admin\.stmcufinder\plugins\mcufinder//mcu/
2023-08-27 20:47:41,078 [INFO] CrossReferenceDbSqlite:196 - Set database path to: C:\Users\Admin\.stmcufinder\plugins\mcufinder//mcu/cs/
2023-08-27 20:47:41,081 [INFO] DbExamplesSqlite:800 - Set database path to: C:\Users\Admin\.stmcufinder\plugins\mcufinder//mcu/
2023-08-27 20:47:41,153 [INFO] RulesReader:52 - Compatibility file has been processed (209 Rules)
2023-08-27 20:47:41,213 [INFO] MicroXplorer:564 - Detected Java Version = 1.8.0_252
2023-08-27 20:47:41,214 [INFO] DbMcusXml:70 - Set database path to: C:\ST\STM32CubeIDE_1.4.0\STM32CubeIDE\plugins\com.st.stm32cube.common.mx_6.0.0.202007160824\\db\/mcu/
2023-08-27 20:47:41,214 [INFO] DbBoardsPdsc:56 - Set plugin database path to: C:\ST\STM32CubeIDE_1.4.0\STM32CubeIDE\plugins\com.st.stm32cube.common.mx_6.0.0.202007160824\\db\/plugins/boardmanager/
2023-08-27 20:47:41,215 [INFO] DbMcus:258 - Set plugin images path to: C:\ST\STM32CubeIDE_1.4.0\STM32CubeIDE\plugins\com.st.stm32cube.common.mx_6.0.0.202007160824\\db\/plugins/mcufinder/images/
2023-08-27 20:47:41,215 [INFO] DbBoards:264 - Set plugin images path to: C:\ST\STM32CubeIDE_1.4.0\STM32CubeIDE\plugins\com.st.stm32cube.common.mx_6.0.0.202007160824\\db\/plugins/mcufinder/images/
2023-08-27 20:47:41,215 [INFO] DbExamples:326 - Set plugin images path to: C:\ST\STM32CubeIDE_1.4.0\STM32CubeIDE\plugins\com.st.stm32cube.common.mx_6.0.0.202007160824\\db\/plugins/mcufinder/images/
2023-08-27 20:47:41,215 [WARN] DbFile:36 - Overriding database path with different value: C:\Users\Admin\.stmcufinder\plugins\mcufinder/ => C:\Users\Admin\.stmcufinder\plugins\mcufinder
2023-08-27 20:47:41,215 [INFO] DbMcusDocs:112 - Set database path to: C:\Users\Admin\.stmcufinder\plugins\mcufinder//mcu/
2023-08-27 20:47:41,215 [WARN] DbFile:36 - Overriding database path with different value: C:\Users\Admin\.stmcufinder\plugins\mcufinder/ => C:\Users\Admin\.stmcufinder\plugins\mcufinder
2023-08-27 20:47:41,215 [INFO] DbMcusJson:63 - Set database path to: C:\Users\Admin\.stmcufinder\plugins\mcufinder//mcu/
2023-08-27 20:47:41,215 [WARN] DbFile:36 - Overriding database path with different value: C:\Users\Admin\.stmcufinder\plugins\mcufinder/ => C:\Users\Admin\.stmcufinder\plugins\mcufinder
2023-08-27 20:47:41,216 [INFO] DbBoardsDocs:112 - Set database path to: C:\Users\Admin\.stmcufinder\plugins\mcufinder//mcu/
2023-08-27 20:47:41,216 [WARN] DbFile:36 - Overriding database path with different value: C:\Users\Admin\.stmcufinder\plugins\mcufinder/ => C:\Users\Admin\.stmcufinder\plugins\mcufinder
2023-08-27 20:47:41,216 [INFO] DbBoardsJson:56 - Set database path to: C:\Users\Admin\.stmcufinder\plugins\mcufinder//mcu/
2023-08-27 20:47:41,216 [WARN] DbFile:36 - Overriding database path with different value: C:\Users\Admin\.stmcufinder\plugins\mcufinder/ => C:\Users\Admin\.stmcufinder\plugins\mcufinder
2023-08-27 20:47:41,216 [WARN] DbFile:36 - Overriding database path with different value: C:\Users\Admin\.stmcufinder\plugins\mcufinder/ => C:\Users\Admin\.stmcufinder\plugins\mcufinder
2023-08-27 20:47:41,216 [INFO] CrossReferenceDbSqlite:196 - Set database path to: C:\Users\Admin\.stmcufinder\plugins\mcufinder//mcu/cs/
2023-08-27 20:47:41,216 [WARN] DbFile:36 - Overriding database path with different value: C:\Users\Admin\.stmcufinder\plugins\mcufinder/ => C:\Users\Admin\.stmcufinder\plugins\mcufinder
2023-08-27 20:47:41,216 [INFO] DbExamplesSqlite:800 - Set database path to: C:\Users\Admin\.stmcufinder\plugins\mcufinder//mcu/
2023-08-27 20:47:41,273 [INFO] MainPanel:189 - HeapMemory: 364904448
2023-08-27 20:47:41,340 [INFO] DbMcusXml:70 - Set database path to: C:\ST\STM32CubeIDE_1.4.0\STM32CubeIDE\plugins\com.st.stm32cube.common.mx_6.0.0.202007160824\\db\/mcu/
2023-08-27 20:47:41,340 [INFO] DbBoardsPdsc:56 - Set plugin database path to: C:\ST\STM32CubeIDE_1.4.0\STM32CubeIDE\plugins\com.st.stm32cube.common.mx_6.0.0.202007160824\\db\/plugins/boardmanager/
2023-08-27 20:47:41,340 [INFO] DbMcus:258 - Set plugin images path to: C:\ST\STM32CubeIDE_1.4.0\STM32CubeIDE\plugins\com.st.stm32cube.common.mx_6.0.0.202007160824\\db\/plugins/mcufinder/images/
2023-08-27 20:47:41,340 [INFO] DbBoards:264 - Set plugin images path to: C:\ST\STM32CubeIDE_1.4.0\STM32CubeIDE\plugins\com.st.stm32cube.common.mx_6.0.0.202007160824\\db\/plugins/mcufinder/images/
2023-08-27 20:47:41,340 [INFO] DbExamples:326 - Set plugin images path to: C:\ST\STM32CubeIDE_1.4.0\STM32CubeIDE\plugins\com.st.stm32cube.common.mx_6.0.0.202007160824\\db\/plugins/mcufinder/images/
2023-08-27 20:47:41,341 [WARN] DbFile:36 - Overriding database path with different value: C:\Users\Admin\.stmcufinder\plugins\mcufinder/ => C:\Users\Admin\.stmcufinder\plugins\mcufinder
2023-08-27 20:47:41,341 [INFO] DbMcusDocs:112 - Set database path to: C:\Users\Admin\.stmcufinder\plugins\mcufinder//mcu/
2023-08-27 20:47:41,341 [WARN] DbFile:36 - Overriding database path with different value: C:\Users\Admin\.stmcufinder\plugins\mcufinder/ => C:\Users\Admin\.stmcufinder\plugins\mcufinder
2023-08-27 20:47:41,341 [INFO] DbMcusJson:63 - Set database path to: C:\Users\Admin\.stmcufinder\plugins\mcufinder//mcu/
2023-08-27 20:47:41,341 [WARN] DbFile:36 - Overriding database path with different value: C:\Users\Admin\.stmcufinder\plugins\mcufinder/ => C:\Users\Admin\.stmcufinder\plugins\mcufinder
2023-08-27 20:47:41,341 [INFO] DbBoardsDocs:112 - Set database path to: C:\Users\Admin\.stmcufinder\plugins\mcufinder//mcu/
2023-08-27 20:47:41,341 [WARN] DbFile:36 - Overriding database path with different value: C:\Users\Admin\.stmcufinder\plugins\mcufinder/ => C:\Users\Admin\.stmcufinder\plugins\mcufinder
2023-08-27 20:47:41,342 [INFO] DbBoardsJson:56 - Set database path to: C:\Users\Admin\.stmcufinder\plugins\mcufinder//mcu/
2023-08-27 20:47:41,342 [WARN] DbFile:36 - Overriding database path with different value: C:\Users\Admin\.stmcufinder\plugins\mcufinder/ => C:\Users\Admin\.stmcufinder\plugins\mcufinder
2023-08-27 20:47:41,342 [WARN] DbFile:36 - Overriding database path with different value: C:\Users\Admin\.stmcufinder\plugins\mcufinder/ => C:\Users\Admin\.stmcufinder\plugins\mcufinder
2023-08-27 20:47:41,342 [INFO] CrossReferenceDbSqlite:196 - Set database path to: C:\Users\Admin\.stmcufinder\plugins\mcufinder//mcu/cs/
2023-08-27 20:47:41,342 [WARN] DbFile:36 - Overriding database path with different value: C:\Users\Admin\.stmcufinder\plugins\mcufinder/ => C:\Users\Admin\.stmcufinder\plugins\mcufinder
2023-08-27 20:47:41,342 [INFO] DbExamplesSqlite:800 - Set database path to: C:\Users\Admin\.stmcufinder\plugins\mcufinder//mcu/
2023-08-27 20:47:41,359 [INFO] ApplicationProperties:181 - Using Application install path: C:\ST\STM32CubeIDE_1.4.0\STM32CubeIDE\plugins\com.st.stm32cube.common.mx_6.0.0.202007160824
2023-08-27 20:47:41,360 [INFO] PluginManage:178 - Search for loadable plugins [exclusion list=, ]
2023-08-27 20:47:41,362 [INFO] PluginManage:292 - Check plugin analytics
2023-08-27 20:47:41,484 [INFO] AnalyticsPlugin:203 - Accepted Software Licenses: 
2023-08-27 20:47:41,485 [INFO] AnalyticsPlugin:205 - Accepted CMSIS Pack Licenses: 
2023-08-27 20:47:41,485 [INFO] AnalyticsPlugin:207 - Accepted Firmware Licenses: 
2023-08-27 20:47:41,485 [INFO] PluginManage:342 - Loaded plugin analytics (category:tool,tabindex:-1)
2023-08-27 20:47:41,485 [INFO] PluginManage:292 - Check plugin clock
2023-08-27 20:47:41,497 [INFO] PluginManage:342 - Loaded plugin clock (category:base,tabindex:2)
2023-08-27 20:47:41,497 [INFO] PluginManage:292 - Check plugin ddr
2023-08-27 20:47:41,499 [INFO] PluginManage:342 - Loaded plugin ddr (category:tool,tabindex:6)
2023-08-27 20:47:41,499 [INFO] PluginManage:292 - Check plugin filemanager
2023-08-27 20:47:41,623 [INFO] PluginManage:342 - Loaded plugin filemanager (category:base,tabindex:10)
2023-08-27 20:47:41,624 [INFO] PluginManage:292 - Check plugin ipmanager
2023-08-27 20:47:41,630 [INFO] PluginManage:342 - Loaded plugin ipmanager (category:base,tabindex:5)
2023-08-27 20:47:41,630 [INFO] PluginManage:292 - Check plugin pinoutandconfiguration
2023-08-27 20:47:41,638 [INFO] PluginManage:342 - Loaded plugin pinoutandconfiguration (category:base,tabindex:1)
2023-08-27 20:47:41,638 [INFO] PluginManage:292 - Check plugin pinoutconfig
2023-08-27 20:47:41,660 [INFO] PluginManage:342 - Loaded plugin pinoutconfig (category:base,tabindex:0)
2023-08-27 20:47:41,660 [INFO] PluginManage:292 - Check plugin power
2023-08-27 20:47:41,669 [INFO] PluginManage:342 - Loaded plugin power (category:power,tabindex:4)
2023-08-27 20:47:41,670 [INFO] PluginManage:292 - Check plugin projectmanager
2023-08-27 20:47:41,698 [INFO] PluginManage:342 - Loaded plugin projectmanager (category:projectmanager,tabindex:3)
2023-08-27 20:47:41,698 [INFO] PluginManage:292 - Check plugin thirdparty
2023-08-27 20:47:41,783 [INFO] ThirdPartyDb:333 - Open Third Party DataBase File (C:/Users/Admin/.stm32cubemx/plugins/thirdparty/db/thirdparties_db.xml) : 41 ms. number of Sw pack : 48
2023-08-27 20:47:41,787 [INFO] PluginManage:342 - Loaded plugin thirdparty (category:base,tabindex:-1)
2023-08-27 20:47:41,787 [INFO] PluginManage:292 - Check plugin tools
2023-08-27 20:47:41,789 [INFO] PluginManage:342 - Loaded plugin tools (category:base,tabindex:7)
2023-08-27 20:47:41,790 [INFO] PluginManage:292 - Check plugin tutovideos
2023-08-27 20:47:42,008 [INFO] PluginManage:342 - Loaded plugin tutovideos (category:base,tabindex:-1)
2023-08-27 20:47:42,009 [INFO] PluginManage:292 - Check plugin updater
2023-08-27 20:47:42,019 [INFO] PluginManage:342 - Loaded plugin updater (category:base,tabindex:12)
2023-08-27 20:47:42,019 [INFO] PluginManage:265 - PluginManage : Loaded plugins [13]
2023-08-27 20:47:42,169 [INFO] PinOutPanel:1418 - setPackage(No Configuration,No Configuration)
2023-08-27 20:47:42,240 [INFO] IPUIPlugin:64 - create IPUIPlugin
2023-08-27 20:47:42,241 [INFO] PluginManager:200 - loadIPPluginJar : add adc
2023-08-27 20:47:42,243 [INFO] IPUIPlugin:64 - create IPUIPlugin
2023-08-27 20:47:42,243 [INFO] PluginManager:200 - loadIPPluginJar : add aes
2023-08-27 20:47:42,245 [INFO] IPUIPlugin:64 - create IPUIPlugin
2023-08-27 20:47:42,245 [INFO] PluginManager:200 - loadIPPluginJar : add can
2023-08-27 20:47:42,247 [INFO] IPUIPlugin:64 - create IPUIPlugin
2023-08-27 20:47:42,247 [INFO] PluginManager:200 - loadIPPluginJar : add comp
2023-08-27 20:47:42,267 [INFO] IPUIPlugin:64 - create IPUIPlugin
2023-08-27 20:47:42,267 [INFO] PluginManager:200 - loadIPPluginJar : add cryp
2023-08-27 20:47:42,270 [INFO] IPUIPlugin:64 - create IPUIPlugin
2023-08-27 20:47:42,270 [INFO] PluginManager:200 - loadIPPluginJar : add dfsdm
2023-08-27 20:47:42,276 [INFO] IPUIPlugin:64 - create IPUIPlugin
2023-08-27 20:47:42,276 [INFO] PluginManager:200 - loadIPPluginJar : add dma
2023-08-27 20:47:42,278 [INFO] IPUIPlugin:64 - create IPUIPlugin
2023-08-27 20:47:42,279 [INFO] PluginManager:200 - loadIPPluginJar : add fatfs
2023-08-27 20:47:42,283 [INFO] IPUIPlugin:64 - create IPUIPlugin
2023-08-27 20:47:42,283 [INFO] PluginManager:200 - loadIPPluginJar : add fmc
2023-08-27 20:47:42,290 [INFO] IPUIPlugin:64 - create IPUIPlugin
2023-08-27 20:47:42,290 [INFO] PluginManager:200 - loadIPPluginJar : add freertos
2023-08-27 20:47:42,292 [INFO] IPUIPlugin:64 - create IPUIPlugin
2023-08-27 20:47:42,292 [INFO] PluginManager:200 - loadIPPluginJar : add genericplugin
2023-08-27 20:47:42,293 [INFO] IPUIPlugin:64 - create IPUIPlugin
2023-08-27 20:47:42,293 [INFO] PluginManager:200 - loadIPPluginJar : add gfxmmu
2023-08-27 20:47:42,298 [INFO] IPUIPlugin:64 - create IPUIPlugin
2023-08-27 20:47:42,298 [INFO] PluginManager:200 - loadIPPluginJar : add gic
2023-08-27 20:47:42,302 [INFO] IPUIPlugin:64 - create IPUIPlugin
2023-08-27 20:47:42,302 [INFO] PluginManager:200 - loadIPPluginJar : add gpio
2023-08-27 20:47:42,304 [INFO] IPUIPlugin:64 - create IPUIPlugin
2023-08-27 20:47:42,304 [INFO] PluginManager:200 - loadIPPluginJar : add gtzc
2023-08-27 20:47:42,306 [INFO] IPUIPlugin:64 - create IPUIPlugin
2023-08-27 20:47:42,306 [INFO] PluginManager:200 - loadIPPluginJar : add hash
2023-08-27 20:47:42,308 [INFO] IPUIPlugin:64 - create IPUIPlugin
2023-08-27 20:47:42,308 [INFO] PluginManager:200 - loadIPPluginJar : add i2c
2023-08-27 20:47:42,310 [INFO] IPUIPlugin:64 - create IPUIPlugin
2023-08-27 20:47:42,310 [INFO] PluginManager:200 - loadIPPluginJar : add i2s
2023-08-27 20:47:42,313 [INFO] IPUIPlugin:64 - create IPUIPlugin
2023-08-27 20:47:42,313 [INFO] PluginManager:200 - loadIPPluginJar : add ipddr
2023-08-27 20:47:42,315 [INFO] IPUIPlugin:64 - create IPUIPlugin
2023-08-27 20:47:42,315 [INFO] PluginManager:200 - loadIPPluginJar : add ltdc
2023-08-27 20:47:42,318 [INFO] IPUIPlugin:64 - create IPUIPlugin
2023-08-27 20:47:42,318 [INFO] PluginManager:200 - loadIPPluginJar : add mdma
2023-08-27 20:47:42,320 [INFO] IPUIPlugin:64 - create IPUIPlugin
2023-08-27 20:47:42,320 [INFO] PluginManager:200 - loadIPPluginJar : add nvic
2023-08-27 20:47:42,322 [INFO] IPUIPlugin:64 - create IPUIPlugin
2023-08-27 20:47:42,322 [INFO] PluginManager:200 - loadIPPluginJar : add opamp
2023-08-27 20:47:42,325 [INFO] IPUIPlugin:64 - create IPUIPlugin
2023-08-27 20:47:42,325 [INFO] PluginManager:200 - loadIPPluginJar : add openamp
2023-08-27 20:47:42,327 [INFO] IPUIPlugin:64 - create IPUIPlugin
2023-08-27 20:47:42,327 [INFO] PluginManager:200 - loadIPPluginJar : add pdm2pcm
2023-08-27 20:47:42,332 [INFO] IPUIPlugin:64 - create IPUIPlugin
2023-08-27 20:47:42,334 [INFO] PluginManager:200 - loadIPPluginJar : add plateformsettings
2023-08-27 20:47:42,336 [INFO] IPUIPlugin:64 - create IPUIPlugin
2023-08-27 20:47:42,336 [INFO] PluginManager:200 - loadIPPluginJar : add quadspi
2023-08-27 20:47:42,339 [INFO] IPUIPlugin:64 - create IPUIPlugin
2023-08-27 20:47:42,339 [INFO] PluginManager:200 - loadIPPluginJar : add resmgrutility
2023-08-27 20:47:42,341 [INFO] IPUIPlugin:64 - create IPUIPlugin
2023-08-27 20:47:42,341 [INFO] PluginManager:200 - loadIPPluginJar : add sai
2023-08-27 20:47:42,343 [INFO] IPUIPlugin:64 - create IPUIPlugin
2023-08-27 20:47:42,343 [INFO] PluginManager:200 - loadIPPluginJar : add spi
2023-08-27 20:47:42,345 [INFO] IPUIPlugin:64 - create IPUIPlugin
2023-08-27 20:47:42,345 [INFO] PluginManager:200 - loadIPPluginJar : add stm32_wpan
2023-08-27 20:47:42,347 [INFO] IPUIPlugin:64 - create IPUIPlugin
2023-08-27 20:47:42,347 [INFO] PluginManager:200 - loadIPPluginJar : add tim
2023-08-27 20:47:42,367 [INFO] IPUIPlugin:64 - create IPUIPlugin
2023-08-27 20:47:42,368 [INFO] PluginManager:200 - loadIPPluginJar : add touchsensing
2023-08-27 20:47:42,370 [INFO] IPUIPlugin:64 - create IPUIPlugin
2023-08-27 20:47:42,370 [INFO] PluginManager:200 - loadIPPluginJar : add tracer_emb
2023-08-27 20:47:42,372 [INFO] IPUIPlugin:64 - create IPUIPlugin
2023-08-27 20:47:42,372 [INFO] PluginManager:200 - loadIPPluginJar : add ts
2023-08-27 20:47:42,373 [INFO] IPUIPlugin:64 - create IPUIPlugin
2023-08-27 20:47:42,373 [INFO] PluginManager:200 - loadIPPluginJar : add tsc
2023-08-27 20:47:42,374 [INFO] IPUIPlugin:64 - create IPUIPlugin
2023-08-27 20:47:42,375 [INFO] PluginManager:200 - loadIPPluginJar : add ucpd
2023-08-27 20:47:42,376 [INFO] IPUIPlugin:64 - create IPUIPlugin
2023-08-27 20:47:42,377 [INFO] PluginManager:200 - loadIPPluginJar : add usart
2023-08-27 20:47:42,725 [INFO] CubeProgrammer:457 - [DDR PANEL] - PathOfProgrammer: null
2023-08-27 20:47:43,328 [FATAL] Updater:282 - Updater called before beeing initialized
2023-08-27 20:47:43,432 [FATAL] Updater:282 - Updater called before beeing initialized
2023-08-27 20:47:43,433 [WARN] ThirdParty:775 - waiting for thirdparty lock release [close project]
2023-08-27 20:47:43,433 [INFO] ThirdParty:777 - entering critical section [close project]
2023-08-27 20:47:43,433 [INFO] ThirdParty:790 - exiting critical section [close project]
2023-08-27 20:47:43,435 [INFO] PinOutPanel:1418 - setPackage(No Configuration,No Configuration)
2023-08-27 20:47:43,435 [FATAL] Updater:282 - Updater called before beeing initialized
2023-08-27 20:47:43,439 [ERROR] Updater:967 - MainUpdater not yet initialized. External WinMGr cannot be set.
2023-08-27 20:47:43,440 [INFO] CubeProgrammer:457 - [DDR PANEL] - PathOfProgrammer: C:\ST\STM32CubeIDE_1.4.0\STM32CubeIDE\plugins\com.st.stm32cube.ide.mcu.externaltools.cubeprogrammer.win32_1.4.0.202007081208\tools\bin
2023-08-27 20:47:43,443 [INFO] ProgrammerExecThread:148 - [ProgrammerAPI] CubeProgrammer command construction: C:\ST\STM32CubeIDE_1.4.0\STM32CubeIDE\plugins\com.st.stm32cube.ide.mcu.externaltools.cubeprogrammer.win32_1.4.0.202007081208\tools\bin\STM32_Programmer_CLI.exe -l
2023-08-27 20:47:43,555 [INFO] MainDdrPanel:49 - [DDR PANEL] SETTER - Set cubeProgrammerPath to: C:\ST\STM32CubeIDE_1.4.0\STM32CubeIDE\plugins\com.st.stm32cube.ide.mcu.externaltools.cubeprogrammer.win32_1.4.0.202007081208\tools\bin
2023-08-27 20:47:43,574 [INFO] Updater:904 - Updater Version found : 6.0.0
2023-08-27 20:47:43,591 [INFO] ApplicationProperties:181 - Using Application install path: C:\ST\STM32CubeIDE_1.4.0\STM32CubeIDE\plugins\com.st.stm32cube.common.mx_6.0.0.202007160824
2023-08-27 20:47:43,934 [INFO] MainUpdater:2268 - connection check result : 10
2023-08-27 20:47:43,934 [INFO] MainUpdater:239 - Updater Check For Update Now.
2023-08-27 20:47:43,935 [INFO] MicroXplorer:414 - Change Database Version : DB.6.0.0
2023-08-27 20:47:43,970 [INFO] CheckServerUpdateThread:102 - End of CheckServer Thread
2023-08-27 20:47:44,053 [INFO] MainUpdater:2268 - connection check result : 10
2023-08-27 20:47:44,389 [INFO] ServerAccessManage:348 - Download File mcusDocs.json._tmp_
2023-08-27 20:47:44,504 [INFO] LoadUrlFilesThread:135 - End of LoadUrlFiles Thread
2023-08-27 20:47:44,599 [INFO] ServerAccessManage:348 - Download File mcusFeaturesAndDescription.json._tmp_
2023-08-27 20:47:44,798 [WARN] IntegrityCheckThread:61 - waiting for thirdparty lock release [integrity check]
2023-08-27 20:47:44,798 [INFO] IntegrityCheckThread:63 - entering critical section [integrity check]
2023-08-27 20:47:44,798 [WARN] MainUpdater:1087 - Updater busy. Cannot search thirdparties
2023-08-27 20:47:47,280 [INFO] LoadUrlFilesThread:135 - End of LoadUrlFiles Thread
2023-08-27 20:47:47,383 [INFO] ServerAccessManage:348 - Download File boardsDocs.json._tmp_
2023-08-27 20:47:47,400 [INFO] LoadUrlFilesThread:135 - End of LoadUrlFiles Thread
2023-08-27 20:47:47,506 [INFO] ServerAccessManage:348 - Download File boards.json._tmp_
2023-08-27 20:47:47,641 [INFO] LoadUrlFilesThread:135 - End of LoadUrlFiles Thread
2023-08-27 20:47:47,807 [WARN] MainUpdater:1087 - Updater busy. Cannot search thirdparties
2023-08-27 20:47:47,848 [INFO] ServerAccessManage:348 - Download File cube-finder-db.zip
2023-08-27 20:47:50,807 [WARN] MainUpdater:1087 - Updater busy. Cannot search thirdparties
2023-08-27 20:47:53,818 [WARN] MainUpdater:1087 - Updater busy. Cannot search thirdparties
2023-08-27 20:47:56,458 [INFO] FileExtend:225 - Unzip File : cube-finder-db.zip
2023-08-27 20:47:56,460 [INFO] FileExtend:240 - Standard Zip Deflate
2023-08-27 20:47:56,830 [WARN] MainUpdater:1087 - Updater busy. Cannot search thirdparties
2023-08-27 20:47:56,890 [INFO] LoadUrlFilesThread:135 - End of LoadUrlFiles Thread
2023-08-27 20:47:57,425 [INFO] ServerAccessManage:348 - Download File crdb.zip
2023-08-27 20:47:57,884 [INFO] FileExtend:225 - Unzip File : crdb.zip
2023-08-27 20:47:57,886 [INFO] FileExtend:240 - Standard Zip Deflate
2023-08-27 20:47:57,918 [INFO] LoadUrlFilesThread:135 - End of LoadUrlFiles Thread
2023-08-27 20:47:58,131 [INFO] ServerAccessManage:348 - Download File tutoVideoDB.zip
2023-08-27 20:47:58,201 [INFO] FileExtend:225 - Unzip File : tutoVideoDB.zip
2023-08-27 20:47:58,204 [INFO] FileExtend:240 - Standard Zip Deflate
2023-08-27 20:47:58,212 [INFO] LoadUrlFilesThread:135 - End of LoadUrlFiles Thread
2023-08-27 20:47:58,229 [INFO] DbMcusDocs:145 - JSON generation date=Tue Nov 16 18:17:54 EET 2021 (1637079474)
2023-08-27 20:47:58,232 [INFO] DbMcusXml:100 - Load MCU database from C:\ST\STM32CubeIDE_1.4.0\STM32CubeIDE\plugins\com.st.stm32cube.common.mx_6.0.0.202007160824\\db\/mcu/families.xml
2023-08-27 20:47:58,630 [INFO] DbMcusJson:92 - JSON generation date=Tue Nov 16 18:17:54 EET 2021 (1637079474)
2023-08-27 20:47:59,129 [INFO] DbMcus:175 - Found 1761 MCUs (1722 are supported by CubeMX, 1911 are visible in CubeMX)
2023-08-27 20:47:59,131 [INFO] ApiDb:201 - Load user favorites file C:\Users\Admin/.stm32cubemx/favorites.mcus.txt: 0 item(s)
2023-08-27 20:47:59,131 [INFO] ApiDb:205 - User favorites MCUs=[]
2023-08-27 20:47:59,131 [INFO] DbMcus:187 - Set 0 / 0 favorites MCUs
2023-08-27 20:47:59,237 [INFO] DbMcusDocs:81 - Found 682 MCUs documents
2023-08-27 20:47:59,239 [INFO] ApiDb:226 - Save user favorites file C:\Users\Admin/.stm32cubemx/favorites.mcus.txt: 0 item(s)
2023-08-27 20:47:59,239 [INFO] ApiDb:230 - User favorites MCUs=[]
2023-08-27 20:47:59,239 [INFO] DbMcusXml:100 - Load MCU database from C:\ST\STM32CubeIDE_1.4.0\STM32CubeIDE\plugins\com.st.stm32cube.common.mx_6.0.0.202007160824\\db\/mcu/families.xml
2023-08-27 20:47:59,693 [INFO] DbMcusJson:92 - JSON generation date=Tue Nov 16 18:17:54 EET 2021 (1637079474)
2023-08-27 20:48:00,244 [INFO] DbMcus:175 - Found 1761 MCUs (1722 are supported by CubeMX, 1911 are visible in CubeMX)
2023-08-27 20:48:00,245 [INFO] ApiDb:201 - Load user favorites file C:\Users\Admin/.stm32cubemx/favorites.mcus.txt: 0 item(s)
2023-08-27 20:48:00,245 [INFO] ApiDb:205 - User favorites MCUs=[]
2023-08-27 20:48:00,245 [INFO] DbMcus:187 - Set 0 / 0 favorites MCUs
2023-08-27 20:48:00,253 [INFO] DbBoardsDocs:145 - JSON generation date=Tue Nov 16 18:17:54 EET 2021 (1637079474)
2023-08-27 20:48:00,257 [INFO] ThirdPartyDb:299 - Save Third Party DataBase File (C:/Users/Admin/.stm32cubemx/plugins/thirdparty/db/thirdparties_db.xml) [forced]
2023-08-27 20:48:00,266 [INFO] DbBoardsPdsc:94 - Found 23 items
2023-08-27 20:48:00,268 [INFO] DbBoardsPdsc:94 - Found 9 items
2023-08-27 20:48:00,271 [INFO] DbBoardsPdsc:94 - Found 29 items
2023-08-27 20:48:00,272 [INFO] DbBoardsPdsc:94 - Found 1 items
2023-08-27 20:48:00,276 [INFO] DbBoardsPdsc:94 - Found 44 items
2023-08-27 20:48:00,281 [INFO] DbBoardsPdsc:94 - Found 40 items
2023-08-27 20:48:00,284 [INFO] DbBoardsPdsc:94 - Found 2 items
2023-08-27 20:48:00,286 [INFO] DbBoardsPdsc:94 - Found 4 items
2023-08-27 20:48:00,294 [WARN] DbBoardsPdsc:258 - Board STM32H7B3I-DK: unknown feature type=Audio, name=, username=Audio stereo codec with Headphone Amp (CS42L51-CNZ), n=1
2023-08-27 20:48:00,295 [WARN] DbBoardsPdsc:258 - Board STM32H735G-DK: unknown feature type=Audio, name=, username=Audio stereo codec with Headphone Amp (WM8994ECS/R), n=1
2023-08-27 20:48:00,301 [WARN] DbBoardsPdsc:258 - Board STM32H7B3I-EVAL: unknown feature type=Audio, name=, username=Multi-Channel Audio Codec (CS42L51-CNZ), n=1
2023-08-27 20:48:00,301 [WARN] DbBoardsPdsc:258 - Board STM32H7B3I-EVAL: unknown feature type=Meter, name=, username=Power-metering and Temperature-monitoring with sigma-delta modulators, n=1
2023-08-27 20:48:00,301 [WARN] DbBoardsPdsc:258 - Board STM32H7B3I-EVAL: unknown feature type=Motor, name=, username=Motor Control, n=1
2023-08-27 20:48:00,321 [INFO] DbBoardsJson:85 - JSON generation date=Tue Nov 16 18:17:54 EET 2021 (1637079474)
2023-08-27 20:48:00,323 [INFO] ThirdPartyDb:299 - Save Third Party DataBase File (C:/Users/Admin/.stm32cubemx/plugins/thirdparty/db/thirdparties_db.xml) [forced]
2023-08-27 20:48:00,329 [INFO] DbBoards:117 - Found 166 boards (149 are supported by CubeMX)
2023-08-27 20:48:00,332 [INFO] DbBoardsDocs:145 - JSON generation date=Tue Nov 16 18:17:54 EET 2021 (1637079474)
2023-08-27 20:48:00,336 [INFO] DbBoardsDocs:81 - Found 209 boards documents
2023-08-27 20:48:00,337 [WARN] DbBoards:127 - board B-L475E-IOT01A2 has no document id list !
2023-08-27 20:48:00,338 [WARN] DbBoards:127 - board NUCLEO-H743ZI has no document id list !
2023-08-27 20:48:00,339 [WARN] DbBoards:127 - board P-NUCLEO-WB55-Nucleo has no document id list !
2023-08-27 20:48:00,339 [WARN] DbBoards:127 - board P-NUCLEO-WB55-USBDongle has no document id list !
2023-08-27 20:48:00,339 [WARN] DbBoards:127 - board STEVAL-BFA001V1B has no document id list !
2023-08-27 20:48:00,339 [WARN] DbBoards:127 - board STEVAL-BFA001V2B has no document id list !
2023-08-27 20:48:00,339 [WARN] DbBoards:127 - board STEVAL-IDP005V1 has no document id list !
2023-08-27 20:48:00,339 [WARN] DbBoards:127 - board STEVAL-IDP005V2 has no document id list !
2023-08-27 20:48:00,339 [WARN] DbBoards:127 - board STEVAL-MKSBOX1V1 has no document id list !
2023-08-27 20:48:00,339 [WARN] DbBoards:127 - board STEVAL-STWINKT1 has no document id list !
2023-08-27 20:48:00,339 [WARN] DbBoards:127 - board STEVAL-STWINKT1B has no document id list !
2023-08-27 20:48:00,340 [WARN] DbBoards:127 - board STM32439I-EVAL2 has no document id list !
2023-08-27 20:48:00,340 [WARN] DbBoards:127 - board STM32F401C-DISCO has no document id list !
2023-08-27 20:48:00,341 [WARN] DbBoards:127 - board STM32F769I-DISC1 has no document id list !
2023-08-27 20:48:00,341 [WARN] DbBoards:127 - board STM32G474E-EVAL1 has no document id list !
2023-08-27 20:48:00,341 [WARN] DbBoards:127 - board STM32H743I-EVAL2 has no document id list !
2023-08-27 20:48:00,341 [WARN] DbBoards:127 - board STM32H747I-DISC1 has no document id list !
2023-08-27 20:48:00,342 [WARN] DbBoards:127 - board STM32H753I-EVAL2 has no document id list !
2023-08-27 20:48:00,342 [WARN] DbBoards:127 - board STM32L-DISCOVERY has no document id list !
2023-08-27 20:48:00,355 [INFO] IntegrityCheckThread:76 - exiting critical section [integrity check]
2023-08-27 20:48:00,355 [INFO] IntegrityCheckThread:79 - End integrity checks thread
2023-08-27 20:48:00,447 [ERROR] DbBoards:189 - Image file not found for board B-L462E-CELL1: C:\ST\STM32CubeIDE_1.4.0\STM32CubeIDE\plugins\com.st.stm32cube.common.mx_6.0.0.202007160824\\db\/plugins/mcufinder/images/boards/B-L462E-CELL1_small.jpg
2023-08-27 20:48:00,490 [ERROR] DbBoards:189 - Image file not found for board B-U585I-IOT02A: C:\ST\STM32CubeIDE_1.4.0\STM32CubeIDE\plugins\com.st.stm32cube.common.mx_6.0.0.202007160824\\db\/plugins/mcufinder/images/boards/B-U585I-IOT02A_small.jpg
2023-08-27 20:48:00,579 [ERROR] DbBoards:189 - Image file not found for board NUCLEO-F413ZH: C:\ST\STM32CubeIDE_1.4.0\STM32CubeIDE\plugins\com.st.stm32cube.common.mx_6.0.0.202007160824\\db\/plugins/mcufinder/images/boards/nucleo-f413zh_small.jpg
2023-08-27 20:48:00,718 [ERROR] DbBoards:189 - Image file not found for board NUCLEO-L552ZE-Q: C:\ST\STM32CubeIDE_1.4.0\STM32CubeIDE\plugins\com.st.stm32cube.common.mx_6.0.0.202007160824\\db\/plugins/mcufinder/images/boards/nucleo_l552ze_q_small.jpg
2023-08-27 20:48:00,718 [ERROR] DbBoards:189 - Image file not found for board NUCLEO-U575ZI-Q: C:\ST\STM32CubeIDE_1.4.0\STM32CubeIDE\plugins\com.st.stm32cube.common.mx_6.0.0.202007160824\\db\/plugins/mcufinder/images/boards/nucleo-u575zi-q_small.jpg
2023-08-27 20:48:00,718 [ERROR] DbBoards:189 - Image file not found for board NUCLEO-WB15CC: C:\ST\STM32CubeIDE_1.4.0\STM32CubeIDE\plugins\com.st.stm32cube.common.mx_6.0.0.202007160824\\db\/plugins/mcufinder/images/boards/nucleo-wb15cc_small.jpg
2023-08-27 20:48:00,718 [ERROR] DbBoards:189 - Image file not found for board NUCLEO-WB55RG: C:\ST\STM32CubeIDE_1.4.0\STM32CubeIDE\plugins\com.st.stm32cube.common.mx_6.0.0.202007160824\\db\/plugins/mcufinder/images/boards/nucleo-wb55rg_small.jpg
2023-08-27 20:48:00,718 [ERROR] DbBoards:189 - Image file not found for board NUCLEO-WL55JC: C:\ST\STM32CubeIDE_1.4.0\STM32CubeIDE\plugins\com.st.stm32cube.common.mx_6.0.0.202007160824\\db\/plugins/mcufinder/images/boards/nucleo-wl55jc-small.jpg
2023-08-27 20:48:00,863 [ERROR] DbBoards:189 - Image file not found for board STEVAL-STWINKT1B: C:\ST\STM32CubeIDE_1.4.0\STM32CubeIDE\plugins\com.st.stm32cube.common.mx_6.0.0.202007160824\\db\/plugins/mcufinder/images/boards/steval-stwinkt1b_small.jpg
2023-08-27 20:48:01,083 [ERROR] DbBoards:189 - Image file not found for board STM32G0C1E-EV: C:\ST\STM32CubeIDE_1.4.0\STM32CubeIDE\plugins\com.st.stm32cube.common.mx_6.0.0.202007160824\\db\/plugins/mcufinder/images/boards/stm32g0c1e-eval_small.jpg
2023-08-27 20:48:01,142 [ERROR] DbBoards:189 - Image file not found for board STM32H7B3I-EVAL: C:\ST\STM32CubeIDE_1.4.0\STM32CubeIDE\plugins\com.st.stm32cube.common.mx_6.0.0.202007160824\\db\/plugins/mcufinder/images/boards/stm32h7b3ieval_small.jpg
2023-08-27 20:48:01,339 [ERROR] DbBoards:189 - Image file not found for board STM32U575I-EV: C:\ST\STM32CubeIDE_1.4.0\STM32CubeIDE\plugins\com.st.stm32cube.common.mx_6.0.0.202007160824\\db\/plugins/mcufinder/images/boards/stm32u575i-ev_small.jpg
2023-08-27 20:48:01,376 [ERROR] DbBoards:189 - Image file not found for board STM32WB5MM-DK: C:\ST\STM32CubeIDE_1.4.0\STM32CubeIDE\plugins\com.st.stm32cube.common.mx_6.0.0.202007160824\\db\/plugins/mcufinder/images/boards/STM32WB5MM-DK_small.jpg
2023-08-27 20:48:01,376 [INFO] ApiDb:201 - Load user favorites file C:\Users\Admin/.stm32cubemx/favorites.boards.txt: 0 item(s)
2023-08-27 20:48:01,377 [INFO] ApiDb:205 - User favorites Boards=[]
2023-08-27 20:48:01,377 [INFO] DbBoards:206 - Set 0 / 0 favorites Boards
2023-08-27 20:48:01,379 [INFO] DbBoardsDocs:81 - Found 418 boards documents
2023-08-27 20:48:01,379 [INFO] ApiDb:226 - Save user favorites file C:\Users\Admin/.stm32cubemx/favorites.boards.txt: 0 item(s)
2023-08-27 20:48:01,379 [INFO] ApiDb:230 - User favorites Boards=[]
2023-08-27 20:48:01,381 [INFO] DbBoardsPdsc:94 - Found 23 items
2023-08-27 20:48:01,383 [INFO] DbBoardsPdsc:94 - Found 9 items
2023-08-27 20:48:01,386 [INFO] DbBoardsPdsc:94 - Found 29 items
2023-08-27 20:48:01,387 [INFO] DbBoardsPdsc:94 - Found 1 items
2023-08-27 20:48:01,391 [INFO] DbBoardsPdsc:94 - Found 44 items
2023-08-27 20:48:01,397 [INFO] DbBoardsPdsc:94 - Found 40 items
2023-08-27 20:48:01,399 [INFO] DbBoardsPdsc:94 - Found 2 items
2023-08-27 20:48:01,400 [INFO] DbBoardsPdsc:94 - Found 4 items
2023-08-27 20:48:01,405 [WARN] DbBoardsPdsc:258 - Board STM32H7B3I-DK: unknown feature type=Audio, name=, username=Audio stereo codec with Headphone Amp (CS42L51-CNZ), n=1
2023-08-27 20:48:01,406 [WARN] DbBoardsPdsc:258 - Board STM32H735G-DK: unknown feature type=Audio, name=, username=Audio stereo codec with Headphone Amp (WM8994ECS/R), n=1
2023-08-27 20:48:01,414 [WARN] DbBoardsPdsc:258 - Board STM32H7B3I-EVAL: unknown feature type=Audio, name=, username=Multi-Channel Audio Codec (CS42L51-CNZ), n=1
2023-08-27 20:48:01,414 [WARN] DbBoardsPdsc:258 - Board STM32H7B3I-EVAL: unknown feature type=Meter, name=, username=Power-metering and Temperature-monitoring with sigma-delta modulators, n=1
2023-08-27 20:48:01,414 [WARN] DbBoardsPdsc:258 - Board STM32H7B3I-EVAL: unknown feature type=Motor, name=, username=Motor Control, n=1
2023-08-27 20:48:01,431 [INFO] DbBoardsJson:85 - JSON generation date=Tue Nov 16 18:17:54 EET 2021 (1637079474)
2023-08-27 20:48:01,434 [INFO] DbBoards:117 - Found 166 boards (149 are supported by CubeMX)
2023-08-27 20:48:01,435 [WARN] DbBoards:127 - board B-L475E-IOT01A2 has no document id list !
2023-08-27 20:48:01,435 [WARN] DbBoards:127 - board NUCLEO-H743ZI has no document id list !
2023-08-27 20:48:01,435 [WARN] DbBoards:127 - board P-NUCLEO-WB55-Nucleo has no document id list !
2023-08-27 20:48:01,435 [WARN] DbBoards:127 - board P-NUCLEO-WB55-USBDongle has no document id list !
2023-08-27 20:48:01,435 [WARN] DbBoards:127 - board STEVAL-BFA001V1B has no document id list !
2023-08-27 20:48:01,435 [WARN] DbBoards:127 - board STEVAL-BFA001V2B has no document id list !
2023-08-27 20:48:01,435 [WARN] DbBoards:127 - board STEVAL-IDP005V1 has no document id list !
2023-08-27 20:48:01,435 [WARN] DbBoards:127 - board STEVAL-IDP005V2 has no document id list !
2023-08-27 20:48:01,436 [WARN] DbBoards:127 - board STEVAL-MKSBOX1V1 has no document id list !
2023-08-27 20:48:01,436 [WARN] DbBoards:127 - board STEVAL-STWINKT1 has no document id list !
2023-08-27 20:48:01,436 [WARN] DbBoards:127 - board STEVAL-STWINKT1B has no document id list !
2023-08-27 20:48:01,436 [WARN] DbBoards:127 - board STM32439I-EVAL2 has no document id list !
2023-08-27 20:48:01,436 [WARN] DbBoards:127 - board STM32F401C-DISCO has no document id list !
2023-08-27 20:48:01,436 [WARN] DbBoards:127 - board STM32F769I-DISC1 has no document id list !
2023-08-27 20:48:01,436 [WARN] DbBoards:127 - board STM32G474E-EVAL1 has no document id list !
2023-08-27 20:48:01,436 [WARN] DbBoards:127 - board STM32H743I-EVAL2 has no document id list !
2023-08-27 20:48:01,436 [WARN] DbBoards:127 - board STM32H747I-DISC1 has no document id list !
2023-08-27 20:48:01,436 [WARN] DbBoards:127 - board STM32H753I-EVAL2 has no document id list !
2023-08-27 20:48:01,436 [WARN] DbBoards:127 - board STM32L-DISCOVERY has no document id list !
2023-08-27 20:48:01,454 [ERROR] DbBoards:189 - Image file not found for board B-L462E-CELL1: C:\ST\STM32CubeIDE_1.4.0\STM32CubeIDE\plugins\com.st.stm32cube.common.mx_6.0.0.202007160824\\db\/plugins/mcufinder/images/boards/B-L462E-CELL1_small.jpg
2023-08-27 20:48:01,477 [ERROR] DbBoards:189 - Image file not found for board B-U585I-IOT02A: C:\ST\STM32CubeIDE_1.4.0\STM32CubeIDE\plugins\com.st.stm32cube.common.mx_6.0.0.202007160824\\db\/plugins/mcufinder/images/boards/B-U585I-IOT02A_small.jpg
2023-08-27 20:48:01,517 [ERROR] DbBoards:189 - Image file not found for board NUCLEO-F413ZH: C:\ST\STM32CubeIDE_1.4.0\STM32CubeIDE\plugins\com.st.stm32cube.common.mx_6.0.0.202007160824\\db\/plugins/mcufinder/images/boards/nucleo-f413zh_small.jpg
2023-08-27 20:48:01,629 [ERROR] DbBoards:189 - Image file not found for board NUCLEO-L552ZE-Q: C:\ST\STM32CubeIDE_1.4.0\STM32CubeIDE\plugins\com.st.stm32cube.common.mx_6.0.0.202007160824\\db\/plugins/mcufinder/images/boards/nucleo_l552ze_q_small.jpg
2023-08-27 20:48:01,629 [ERROR] DbBoards:189 - Image file not found for board NUCLEO-U575ZI-Q: C:\ST\STM32CubeIDE_1.4.0\STM32CubeIDE\plugins\com.st.stm32cube.common.mx_6.0.0.202007160824\\db\/plugins/mcufinder/images/boards/nucleo-u575zi-q_small.jpg
2023-08-27 20:48:01,629 [ERROR] DbBoards:189 - Image file not found for board NUCLEO-WB15CC: C:\ST\STM32CubeIDE_1.4.0\STM32CubeIDE\plugins\com.st.stm32cube.common.mx_6.0.0.202007160824\\db\/plugins/mcufinder/images/boards/nucleo-wb15cc_small.jpg
2023-08-27 20:48:01,629 [ERROR] DbBoards:189 - Image file not found for board NUCLEO-WB55RG: C:\ST\STM32CubeIDE_1.4.0\STM32CubeIDE\plugins\com.st.stm32cube.common.mx_6.0.0.202007160824\\db\/plugins/mcufinder/images/boards/nucleo-wb55rg_small.jpg
2023-08-27 20:48:01,629 [ERROR] DbBoards:189 - Image file not found for board NUCLEO-WL55JC: C:\ST\STM32CubeIDE_1.4.0\STM32CubeIDE\plugins\com.st.stm32cube.common.mx_6.0.0.202007160824\\db\/plugins/mcufinder/images/boards/nucleo-wl55jc-small.jpg
2023-08-27 20:48:01,693 [ERROR] DbBoards:189 - Image file not found for board STEVAL-STWINKT1B: C:\ST\STM32CubeIDE_1.4.0\STM32CubeIDE\plugins\com.st.stm32cube.common.mx_6.0.0.202007160824\\db\/plugins/mcufinder/images/boards/steval-stwinkt1b_small.jpg
2023-08-27 20:48:01,813 [ERROR] DbBoards:189 - Image file not found for board STM32G0C1E-EV: C:\ST\STM32CubeIDE_1.4.0\STM32CubeIDE\plugins\com.st.stm32cube.common.mx_6.0.0.202007160824\\db\/plugins/mcufinder/images/boards/stm32g0c1e-eval_small.jpg
2023-08-27 20:48:01,851 [ERROR] DbBoards:189 - Image file not found for board STM32H7B3I-EVAL: C:\ST\STM32CubeIDE_1.4.0\STM32CubeIDE\plugins\com.st.stm32cube.common.mx_6.0.0.202007160824\\db\/plugins/mcufinder/images/boards/stm32h7b3ieval_small.jpg
2023-08-27 20:48:01,929 [ERROR] DbBoards:189 - Image file not found for board STM32U575I-EV: C:\ST\STM32CubeIDE_1.4.0\STM32CubeIDE\plugins\com.st.stm32cube.common.mx_6.0.0.202007160824\\db\/plugins/mcufinder/images/boards/stm32u575i-ev_small.jpg
2023-08-27 20:48:01,940 [ERROR] DbBoards:189 - Image file not found for board STM32WB5MM-DK: C:\ST\STM32CubeIDE_1.4.0\STM32CubeIDE\plugins\com.st.stm32cube.common.mx_6.0.0.202007160824\\db\/plugins/mcufinder/images/boards/STM32WB5MM-DK_small.jpg
2023-08-27 20:48:01,940 [INFO] ApiDb:201 - Load user favorites file C:\Users\Admin/.stm32cubemx/favorites.boards.txt: 0 item(s)
2023-08-27 20:48:01,940 [INFO] ApiDb:205 - User favorites Boards=[]
2023-08-27 20:48:01,940 [INFO] DbBoards:206 - Set 0 / 0 favorites Boards
2023-08-27 20:48:02,006 [INFO] DbExamplesSqlite:156 - SQLite db open (C:\Users\Admin\.stmcufinder\plugins\mcufinder\mcu\cube-finder-db.db)
2023-08-27 20:48:02,943 [INFO] DbExamplesSqlite:447 - Ignored 0 examples not supported by CubeIDE
2023-08-27 20:48:02,943 [INFO] DbExamplesSqlite:448 - Found 7231 examples active
2023-08-27 20:48:02,943 [INFO] DbExamplesSqlite:449 - Found 677 examples obsolete
2023-08-27 20:48:02,943 [INFO] DbExamplesSqlite:450 - Found 0 examples under development
2023-08-27 20:48:02,943 [INFO] DbExamplesSqlite:451 - Found 74 examples not building
2023-08-27 20:48:02,995 [INFO] DbExamplesSqlite:130 - SQLite Data Model version=2.1
2023-08-27 20:48:02,995 [INFO] DbExamplesSqlite:131 - SQLite Configuration version=3.0.37
2023-08-27 20:48:02,995 [INFO] DbExamplesSqlite:132 - SQLite generation date=2023-08-09 (1691586011)
2023-08-27 20:48:02,996 [INFO] DbExamplesSqlite:133 - SQLite FW Pack versions=[FP-ATR-ASTRA1_V2.0.0, FP-SNS-FLIGHT1_V5.0.1, FP-SNS-FLIGHT1_V5.0.2, FP-SNS-MOTENV1_V4.3.1, FP-SNS-MOTENV1_V4.3.2, STM32Cube_FW_C0_V1.1.0, STM32Cube_FW_F4_V1.27.1, STM32Cube_FW_F7_V1.17.0, STM32Cube_FW_G0_V1.6.1, STM32Cube_FW_G4_V1.5.1, STM32Cube_FW_H5_V0.5.1, STM32Cube_FW_H5_V1.1.0, STM32Cube_FW_H7_V1.11.0, STM32Cube_FW_L0_V1.12.2, STM32Cube_FW_L5_V1.5.0, STM32Cube_FW_U5_V1.3.0, STM32Cube_FW_U5_V1.3.0RC4, STM32Cube_FW_WBA_V1.0.0RC1, STM32Cube_FW_WBA_V1.1.0, STM32Cube_FW_WBA_V1.1.0RC1, STM32Cube_FW_WB_V1.15.0RC1, STM32Cube_FW_WB_V1.16.0, STM32Cube_FW_WB_V1.16.0RC2, STM32Cube_FW_WB_V1.17.0, STM32Cube_FW_WL_V1.3.0, X-CUBE-ALGOBUILD_V1.3.0, X-CUBE-ALS_V1.0.1, X-CUBE-AZRTOS-F4_V1.1.0, X-CUBE-AZRTOS-F7_V1.1.0, X-CUBE-AZRTOS-G0_V1.1.0, X-CUBE-AZRTOS-G4_V2.0.0, X-CUBE-AZRTOS-H7_V3.1.0, X-CUBE-AZRTOS-L4_V1.0.0, X-CUBE-AZRTOS-L4_V2.0.0, X-CUBE-AZRTOS-L5_V1.1.0, X-CUBE-AZRTOS-WB_V1.1.0, X-CUBE-AZRTOS-WL_V2.0.0, X-CUBE-BLE1_V7.0.0, X-CUBE-BLE2_V3.3.0, X-CUBE-BLEMGR_V2.0.0, X-CUBE-EEPRMA1_V4.1.0, X-CUBE-FREERTOS_V1.1.0, X-CUBE-GNSS1_V6.0.0, X-CUBE-MEMS1_V9.1.0, X-CUBE-MEMS1_V9.4.0, X-CUBE-MEMS1_V9.6.0, X-CUBE-NFC4_V3.0.0, X-CUBE-NFC7_V1.0.0, X-CUBE-SFXS2LP1_V4.0.0, X-CUBE-SUBG2_V5.0.0, X-CUBE-TOF1_V3.3.1]
2023-08-27 20:48:02,997 [INFO] DbExamples:123 - Found 7305 examples
2023-08-27 20:48:03,376 [ERROR] DbExamples:199 - Found 7305 examples with invalid data (board or MCU)
2023-08-27 20:48:03,376 [INFO] DbExamples:215 - Found 77 boards with related examples
2023-08-27 20:48:03,377 [INFO] DbExamples:228 - Found 0 MCUs with related examples
2023-08-27 20:48:03,395 [INFO] ApiDb:192 - User favorites file not found: C:\Users\Admin/.stm32cubemx/favorites.examples.txt
2023-08-27 20:48:03,396 [INFO] DbExamples:249 - Set 0 / 0 favorites Examples
2023-08-27 20:48:03,483 [INFO] McuFinderGlobals:40 - Set McuFinder mode to 2 (CubeIDE integrated)
2023-08-27 20:48:03,565 [INFO] CrossSelectorPresenter:1330 - Cross Selector saved comparison directory: C:\Users\Admin\.stmcufinder\plugins\mcufinder\mcu\cs_comparisons_mx
2023-08-27 20:48:03,570 [INFO] MultiScanPanel:193 - Auto-refresh data requested => check proxy status ongoing
2023-08-27 20:48:03,571 [INFO] FinderPluginLoader:87 - Searching for filters in installed packs
2023-08-27 20:48:03,956 [INFO] LoadUrlFilesThread:162 - End of LoadServerUrlFiles without Thread
2023-08-27 20:48:03,960 [INFO] DetailPanel:331 - Set advertising image to C:/Users/Admin/STM32Cube/Repository/\stm32cubemx-promo_image.jpg
2023-08-27 20:48:04,135 [INFO] McuFilterPanel:245 - Update 0 favorites MCUs
2023-08-27 20:49:09,643 [INFO] LogOutputStream:76 - [STDOUT_REDIRECT] withoutVersionV1.8.4
2023-08-27 20:49:09,643 [INFO] LogOutputStream:76 - [STDOUT_REDIRECT] withoutVersionV1.8.3
2023-08-27 20:49:09,643 [INFO] LogOutputStream:76 - [STDOUT_REDIRECT] withoutVersionV1.8.2
2023-08-27 20:49:09,644 [INFO] LogOutputStream:76 - [STDOUT_REDIRECT] withoutVersionV1.8.1
2023-08-27 20:49:09,644 [INFO] LogOutputStream:76 - [STDOUT_REDIRECT] withoutVersionV1.8.0
2023-08-27 20:49:11,333 [INFO] ApiDb:226 - Save user favorites file C:\Users\Admin/.stm32cubeide/favorites.mcus.txt: 0 item(s)
2023-08-27 20:49:11,334 [INFO] ApiDb:230 - User favorites MCUs=[]
