2023-08-23 19:31:24,827 [INFO] Activator:178 - 


2023-08-23 19:31:24,827 [INFO] Activator:179 - !SESSION log4j initialized
2023-08-23 19:31:35,872 [INFO] ApplicationProperties:181 - Using Application install path: C:\ST\STM32CubeIDE_1.4.0\STM32CubeIDE\plugins\com.st.stm32cube.common.mx_6.0.0.202007160824
2023-08-23 19:31:35,887 [INFO] DbMcusXml:70 - Set database path to: C:\ST\STM32CubeIDE_1.4.0\STM32CubeIDE\plugins\com.st.stm32cube.common.mx_6.0.0.202007160824\\db\/mcu/
2023-08-23 19:31:35,888 [INFO] DbBoardsPdsc:56 - Set plugin database path to: C:\ST\STM32CubeIDE_1.4.0\STM32CubeIDE\plugins\com.st.stm32cube.common.mx_6.0.0.202007160824\\db\/plugins/boardmanager/
2023-08-23 19:31:35,888 [INFO] DbMcus:258 - Set plugin images path to: C:\ST\STM32CubeIDE_1.4.0\STM32CubeIDE\plugins\com.st.stm32cube.common.mx_6.0.0.202007160824\\db\/plugins/mcufinder/images/
2023-08-23 19:31:35,888 [INFO] DbBoards:264 - Set plugin images path to: C:\ST\STM32CubeIDE_1.4.0\STM32CubeIDE\plugins\com.st.stm32cube.common.mx_6.0.0.202007160824\\db\/plugins/mcufinder/images/
2023-08-23 19:31:35,888 [INFO] DbExamples:326 - Set plugin images path to: C:\ST\STM32CubeIDE_1.4.0\STM32CubeIDE\plugins\com.st.stm32cube.common.mx_6.0.0.202007160824\\db\/plugins/mcufinder/images/
2023-08-23 19:31:35,893 [INFO] DbMcusDocs:112 - Set database path to: C:\Users\Admin\.stmcufinder\plugins\mcufinder//mcu/
2023-08-23 19:31:35,893 [INFO] DbMcusJson:63 - Set database path to: C:\Users\Admin\.stmcufinder\plugins\mcufinder//mcu/
2023-08-23 19:31:35,893 [INFO] DbBoardsDocs:112 - Set database path to: C:\Users\Admin\.stmcufinder\plugins\mcufinder//mcu/
2023-08-23 19:31:35,893 [INFO] DbBoardsJson:56 - Set database path to: C:\Users\Admin\.stmcufinder\plugins\mcufinder//mcu/
2023-08-23 19:31:35,898 [INFO] CrossReferenceDbSqlite:196 - Set database path to: C:\Users\Admin\.stmcufinder\plugins\mcufinder//mcu/cs/
2023-08-23 19:31:35,898 [INFO] DbExamplesSqlite:800 - Set database path to: C:\Users\Admin\.stmcufinder\plugins\mcufinder//mcu/
2023-08-23 19:31:35,971 [INFO] RulesReader:52 - Compatibility file has been processed (209 Rules)
2023-08-23 19:31:36,031 [INFO] MicroXplorer:564 - Detected Java Version = 1.8.0_252
2023-08-23 19:31:36,031 [INFO] DbMcusXml:70 - Set database path to: C:\ST\STM32CubeIDE_1.4.0\STM32CubeIDE\plugins\com.st.stm32cube.common.mx_6.0.0.202007160824\\db\/mcu/
2023-08-23 19:31:36,031 [INFO] DbBoardsPdsc:56 - Set plugin database path to: C:\ST\STM32CubeIDE_1.4.0\STM32CubeIDE\plugins\com.st.stm32cube.common.mx_6.0.0.202007160824\\db\/plugins/boardmanager/
2023-08-23 19:31:36,031 [INFO] DbMcus:258 - Set plugin images path to: C:\ST\STM32CubeIDE_1.4.0\STM32CubeIDE\plugins\com.st.stm32cube.common.mx_6.0.0.202007160824\\db\/plugins/mcufinder/images/
2023-08-23 19:31:36,031 [INFO] DbBoards:264 - Set plugin images path to: C:\ST\STM32CubeIDE_1.4.0\STM32CubeIDE\plugins\com.st.stm32cube.common.mx_6.0.0.202007160824\\db\/plugins/mcufinder/images/
2023-08-23 19:31:36,031 [INFO] DbExamples:326 - Set plugin images path to: C:\ST\STM32CubeIDE_1.4.0\STM32CubeIDE\plugins\com.st.stm32cube.common.mx_6.0.0.202007160824\\db\/plugins/mcufinder/images/
2023-08-23 19:31:36,031 [WARN] DbFile:36 - Overriding database path with different value: C:\Users\Admin\.stmcufinder\plugins\mcufinder/ => C:\Users\Admin\.stmcufinder\plugins\mcufinder
2023-08-23 19:31:36,031 [INFO] DbMcusDocs:112 - Set database path to: C:\Users\Admin\.stmcufinder\plugins\mcufinder//mcu/
2023-08-23 19:31:36,031 [WARN] DbFile:36 - Overriding database path with different value: C:\Users\Admin\.stmcufinder\plugins\mcufinder/ => C:\Users\Admin\.stmcufinder\plugins\mcufinder
2023-08-23 19:31:36,031 [INFO] DbMcusJson:63 - Set database path to: C:\Users\Admin\.stmcufinder\plugins\mcufinder//mcu/
2023-08-23 19:31:36,031 [WARN] DbFile:36 - Overriding database path with different value: C:\Users\Admin\.stmcufinder\plugins\mcufinder/ => C:\Users\Admin\.stmcufinder\plugins\mcufinder
2023-08-23 19:31:36,031 [INFO] DbBoardsDocs:112 - Set database path to: C:\Users\Admin\.stmcufinder\plugins\mcufinder//mcu/
2023-08-23 19:31:36,031 [WARN] DbFile:36 - Overriding database path with different value: C:\Users\Admin\.stmcufinder\plugins\mcufinder/ => C:\Users\Admin\.stmcufinder\plugins\mcufinder
2023-08-23 19:31:36,031 [INFO] DbBoardsJson:56 - Set database path to: C:\Users\Admin\.stmcufinder\plugins\mcufinder//mcu/
2023-08-23 19:31:36,031 [WARN] DbFile:36 - Overriding database path with different value: C:\Users\Admin\.stmcufinder\plugins\mcufinder/ => C:\Users\Admin\.stmcufinder\plugins\mcufinder
2023-08-23 19:31:36,031 [WARN] DbFile:36 - Overriding database path with different value: C:\Users\Admin\.stmcufinder\plugins\mcufinder/ => C:\Users\Admin\.stmcufinder\plugins\mcufinder
2023-08-23 19:31:36,031 [INFO] CrossReferenceDbSqlite:196 - Set database path to: C:\Users\Admin\.stmcufinder\plugins\mcufinder//mcu/cs/
2023-08-23 19:31:36,031 [WARN] DbFile:36 - Overriding database path with different value: C:\Users\Admin\.stmcufinder\plugins\mcufinder/ => C:\Users\Admin\.stmcufinder\plugins\mcufinder
2023-08-23 19:31:36,031 [INFO] DbExamplesSqlite:800 - Set database path to: C:\Users\Admin\.stmcufinder\plugins\mcufinder//mcu/
2023-08-23 19:31:36,091 [INFO] MainPanel:189 - HeapMemory: 300941312
2023-08-23 19:31:36,176 [INFO] DbMcusXml:70 - Set database path to: C:\ST\STM32CubeIDE_1.4.0\STM32CubeIDE\plugins\com.st.stm32cube.common.mx_6.0.0.202007160824\\db\/mcu/
2023-08-23 19:31:36,176 [INFO] DbBoardsPdsc:56 - Set plugin database path to: C:\ST\STM32CubeIDE_1.4.0\STM32CubeIDE\plugins\com.st.stm32cube.common.mx_6.0.0.202007160824\\db\/plugins/boardmanager/
2023-08-23 19:31:36,176 [INFO] DbMcus:258 - Set plugin images path to: C:\ST\STM32CubeIDE_1.4.0\STM32CubeIDE\plugins\com.st.stm32cube.common.mx_6.0.0.202007160824\\db\/plugins/mcufinder/images/
2023-08-23 19:31:36,176 [INFO] DbBoards:264 - Set plugin images path to: C:\ST\STM32CubeIDE_1.4.0\STM32CubeIDE\plugins\com.st.stm32cube.common.mx_6.0.0.202007160824\\db\/plugins/mcufinder/images/
2023-08-23 19:31:36,176 [INFO] DbExamples:326 - Set plugin images path to: C:\ST\STM32CubeIDE_1.4.0\STM32CubeIDE\plugins\com.st.stm32cube.common.mx_6.0.0.202007160824\\db\/plugins/mcufinder/images/
2023-08-23 19:31:36,181 [WARN] DbFile:36 - Overriding database path with different value: C:\Users\Admin\.stmcufinder\plugins\mcufinder/ => C:\Users\Admin\.stmcufinder\plugins\mcufinder
2023-08-23 19:31:36,181 [INFO] DbMcusDocs:112 - Set database path to: C:\Users\Admin\.stmcufinder\plugins\mcufinder//mcu/
2023-08-23 19:31:36,181 [WARN] DbFile:36 - Overriding database path with different value: C:\Users\Admin\.stmcufinder\plugins\mcufinder/ => C:\Users\Admin\.stmcufinder\plugins\mcufinder
2023-08-23 19:31:36,181 [INFO] DbMcusJson:63 - Set database path to: C:\Users\Admin\.stmcufinder\plugins\mcufinder//mcu/
2023-08-23 19:31:36,181 [WARN] DbFile:36 - Overriding database path with different value: C:\Users\Admin\.stmcufinder\plugins\mcufinder/ => C:\Users\Admin\.stmcufinder\plugins\mcufinder
2023-08-23 19:31:36,181 [INFO] DbBoardsDocs:112 - Set database path to: C:\Users\Admin\.stmcufinder\plugins\mcufinder//mcu/
2023-08-23 19:31:36,181 [WARN] DbFile:36 - Overriding database path with different value: C:\Users\Admin\.stmcufinder\plugins\mcufinder/ => C:\Users\Admin\.stmcufinder\plugins\mcufinder
2023-08-23 19:31:36,181 [INFO] DbBoardsJson:56 - Set database path to: C:\Users\Admin\.stmcufinder\plugins\mcufinder//mcu/
2023-08-23 19:31:36,181 [WARN] DbFile:36 - Overriding database path with different value: C:\Users\Admin\.stmcufinder\plugins\mcufinder/ => C:\Users\Admin\.stmcufinder\plugins\mcufinder
2023-08-23 19:31:36,181 [WARN] DbFile:36 - Overriding database path with different value: C:\Users\Admin\.stmcufinder\plugins\mcufinder/ => C:\Users\Admin\.stmcufinder\plugins\mcufinder
2023-08-23 19:31:36,181 [INFO] CrossReferenceDbSqlite:196 - Set database path to: C:\Users\Admin\.stmcufinder\plugins\mcufinder//mcu/cs/
2023-08-23 19:31:36,181 [WARN] DbFile:36 - Overriding database path with different value: C:\Users\Admin\.stmcufinder\plugins\mcufinder/ => C:\Users\Admin\.stmcufinder\plugins\mcufinder
2023-08-23 19:31:36,181 [INFO] DbExamplesSqlite:800 - Set database path to: C:\Users\Admin\.stmcufinder\plugins\mcufinder//mcu/
2023-08-23 19:31:36,191 [INFO] ApplicationProperties:181 - Using Application install path: C:\ST\STM32CubeIDE_1.4.0\STM32CubeIDE\plugins\com.st.stm32cube.common.mx_6.0.0.202007160824
2023-08-23 19:31:36,196 [INFO] PluginManage:178 - Search for loadable plugins [exclusion list=, ]
2023-08-23 19:31:36,196 [INFO] PluginManage:292 - Check plugin analytics
2023-08-23 19:31:36,286 [INFO] AnalyticsPlugin:203 - Accepted Software Licenses: 
2023-08-23 19:31:36,286 [INFO] AnalyticsPlugin:205 - Accepted CMSIS Pack Licenses: 
2023-08-23 19:31:36,286 [INFO] AnalyticsPlugin:207 - Accepted Firmware Licenses: 
2023-08-23 19:31:36,291 [INFO] PluginManage:342 - Loaded plugin analytics (category:tool,tabindex:-1)
2023-08-23 19:31:36,291 [INFO] PluginManage:292 - Check plugin clock
2023-08-23 19:31:36,296 [INFO] PluginManage:342 - Loaded plugin clock (category:base,tabindex:2)
2023-08-23 19:31:36,296 [INFO] PluginManage:292 - Check plugin ddr
2023-08-23 19:31:36,301 [INFO] PluginManage:342 - Loaded plugin ddr (category:tool,tabindex:6)
2023-08-23 19:31:36,301 [INFO] PluginManage:292 - Check plugin filemanager
2023-08-23 19:31:36,396 [INFO] PluginManage:342 - Loaded plugin filemanager (category:base,tabindex:10)
2023-08-23 19:31:36,396 [INFO] PluginManage:292 - Check plugin ipmanager
2023-08-23 19:31:36,401 [INFO] PluginManage:342 - Loaded plugin ipmanager (category:base,tabindex:5)
2023-08-23 19:31:36,401 [INFO] PluginManage:292 - Check plugin pinoutandconfiguration
2023-08-23 19:31:36,411 [INFO] PluginManage:342 - Loaded plugin pinoutandconfiguration (category:base,tabindex:1)
2023-08-23 19:31:36,411 [INFO] PluginManage:292 - Check plugin pinoutconfig
2023-08-23 19:31:36,431 [INFO] PluginManage:342 - Loaded plugin pinoutconfig (category:base,tabindex:0)
2023-08-23 19:31:36,431 [INFO] PluginManage:292 - Check plugin power
2023-08-23 19:31:36,441 [INFO] PluginManage:342 - Loaded plugin power (category:power,tabindex:4)
2023-08-23 19:31:36,441 [INFO] PluginManage:292 - Check plugin projectmanager
2023-08-23 19:31:36,451 [INFO] PluginManage:342 - Loaded plugin projectmanager (category:projectmanager,tabindex:3)
2023-08-23 19:31:36,451 [INFO] PluginManage:292 - Check plugin thirdparty
2023-08-23 19:31:36,526 [INFO] ThirdPartyDb:333 - Open Third Party DataBase File (C:/Users/Admin/.stm32cubemx/plugins/thirdparty/db/thirdparties_db.xml) : 40 ms. number of Sw pack : 48
2023-08-23 19:31:36,531 [INFO] PluginManage:342 - Loaded plugin thirdparty (category:base,tabindex:-1)
2023-08-23 19:31:36,531 [INFO] PluginManage:292 - Check plugin tools
2023-08-23 19:31:36,531 [INFO] PluginManage:342 - Loaded plugin tools (category:base,tabindex:7)
2023-08-23 19:31:36,531 [INFO] PluginManage:292 - Check plugin tutovideos
2023-08-23 19:31:36,671 [INFO] PluginManage:342 - Loaded plugin tutovideos (category:base,tabindex:-1)
2023-08-23 19:31:36,671 [INFO] PluginManage:292 - Check plugin updater
2023-08-23 19:31:36,681 [INFO] PluginManage:342 - Loaded plugin updater (category:base,tabindex:12)
2023-08-23 19:31:36,681 [INFO] PluginManage:265 - PluginManage : Loaded plugins [13]
2023-08-23 19:31:36,811 [INFO] PinOutPanel:1418 - setPackage(No Configuration,No Configuration)
2023-08-23 19:31:36,867 [INFO] IPUIPlugin:64 - create IPUIPlugin
2023-08-23 19:31:36,872 [INFO] PluginManager:200 - loadIPPluginJar : add adc
2023-08-23 19:31:36,875 [INFO] IPUIPlugin:64 - create IPUIPlugin
2023-08-23 19:31:36,875 [INFO] PluginManager:200 - loadIPPluginJar : add aes
2023-08-23 19:31:36,875 [INFO] IPUIPlugin:64 - create IPUIPlugin
2023-08-23 19:31:36,875 [INFO] PluginManager:200 - loadIPPluginJar : add can
2023-08-23 19:31:36,875 [INFO] IPUIPlugin:64 - create IPUIPlugin
2023-08-23 19:31:36,875 [INFO] PluginManager:200 - loadIPPluginJar : add comp
2023-08-23 19:31:36,875 [INFO] IPUIPlugin:64 - create IPUIPlugin
2023-08-23 19:31:36,875 [INFO] PluginManager:200 - loadIPPluginJar : add cryp
2023-08-23 19:31:36,880 [INFO] IPUIPlugin:64 - create IPUIPlugin
2023-08-23 19:31:36,880 [INFO] PluginManager:200 - loadIPPluginJar : add dfsdm
2023-08-23 19:31:36,880 [INFO] IPUIPlugin:64 - create IPUIPlugin
2023-08-23 19:31:36,880 [INFO] PluginManager:200 - loadIPPluginJar : add dma
2023-08-23 19:31:36,885 [INFO] IPUIPlugin:64 - create IPUIPlugin
2023-08-23 19:31:36,885 [INFO] PluginManager:200 - loadIPPluginJar : add fatfs
2023-08-23 19:31:36,890 [INFO] IPUIPlugin:64 - create IPUIPlugin
2023-08-23 19:31:36,890 [INFO] PluginManager:200 - loadIPPluginJar : add fmc
2023-08-23 19:31:36,890 [INFO] IPUIPlugin:64 - create IPUIPlugin
2023-08-23 19:31:36,895 [INFO] PluginManager:200 - loadIPPluginJar : add freertos
2023-08-23 19:31:36,895 [INFO] IPUIPlugin:64 - create IPUIPlugin
2023-08-23 19:31:36,895 [INFO] PluginManager:200 - loadIPPluginJar : add genericplugin
2023-08-23 19:31:36,898 [INFO] IPUIPlugin:64 - create IPUIPlugin
2023-08-23 19:31:36,898 [INFO] PluginManager:200 - loadIPPluginJar : add gfxmmu
2023-08-23 19:31:36,900 [INFO] IPUIPlugin:64 - create IPUIPlugin
2023-08-23 19:31:36,900 [INFO] PluginManager:200 - loadIPPluginJar : add gic
2023-08-23 19:31:36,900 [INFO] IPUIPlugin:64 - create IPUIPlugin
2023-08-23 19:31:36,900 [INFO] PluginManager:200 - loadIPPluginJar : add gpio
2023-08-23 19:31:36,905 [INFO] IPUIPlugin:64 - create IPUIPlugin
2023-08-23 19:31:36,905 [INFO] PluginManager:200 - loadIPPluginJar : add gtzc
2023-08-23 19:31:36,905 [INFO] IPUIPlugin:64 - create IPUIPlugin
2023-08-23 19:31:36,905 [INFO] PluginManager:200 - loadIPPluginJar : add hash
2023-08-23 19:31:36,905 [INFO] IPUIPlugin:64 - create IPUIPlugin
2023-08-23 19:31:36,905 [INFO] PluginManager:200 - loadIPPluginJar : add i2c
2023-08-23 19:31:36,910 [INFO] IPUIPlugin:64 - create IPUIPlugin
2023-08-23 19:31:36,910 [INFO] PluginManager:200 - loadIPPluginJar : add i2s
2023-08-23 19:31:36,912 [INFO] IPUIPlugin:64 - create IPUIPlugin
2023-08-23 19:31:36,912 [INFO] PluginManager:200 - loadIPPluginJar : add ipddr
2023-08-23 19:31:36,912 [INFO] IPUIPlugin:64 - create IPUIPlugin
2023-08-23 19:31:36,912 [INFO] PluginManager:200 - loadIPPluginJar : add ltdc
2023-08-23 19:31:36,917 [INFO] IPUIPlugin:64 - create IPUIPlugin
2023-08-23 19:31:36,917 [INFO] PluginManager:200 - loadIPPluginJar : add mdma
2023-08-23 19:31:36,917 [INFO] IPUIPlugin:64 - create IPUIPlugin
2023-08-23 19:31:36,917 [INFO] PluginManager:200 - loadIPPluginJar : add nvic
2023-08-23 19:31:36,922 [INFO] IPUIPlugin:64 - create IPUIPlugin
2023-08-23 19:31:36,922 [INFO] PluginManager:200 - loadIPPluginJar : add opamp
2023-08-23 19:31:36,922 [INFO] IPUIPlugin:64 - create IPUIPlugin
2023-08-23 19:31:36,922 [INFO] PluginManager:200 - loadIPPluginJar : add openamp
2023-08-23 19:31:36,924 [INFO] IPUIPlugin:64 - create IPUIPlugin
2023-08-23 19:31:36,924 [INFO] PluginManager:200 - loadIPPluginJar : add pdm2pcm
2023-08-23 19:31:36,929 [INFO] IPUIPlugin:64 - create IPUIPlugin
2023-08-23 19:31:36,929 [INFO] PluginManager:200 - loadIPPluginJar : add plateformsettings
2023-08-23 19:31:36,929 [INFO] IPUIPlugin:64 - create IPUIPlugin
2023-08-23 19:31:36,929 [INFO] PluginManager:200 - loadIPPluginJar : add quadspi
2023-08-23 19:31:36,934 [INFO] IPUIPlugin:64 - create IPUIPlugin
2023-08-23 19:31:36,934 [INFO] PluginManager:200 - loadIPPluginJar : add resmgrutility
2023-08-23 19:31:36,934 [INFO] IPUIPlugin:64 - create IPUIPlugin
2023-08-23 19:31:36,934 [INFO] PluginManager:200 - loadIPPluginJar : add sai
2023-08-23 19:31:36,934 [INFO] IPUIPlugin:64 - create IPUIPlugin
2023-08-23 19:31:36,934 [INFO] PluginManager:200 - loadIPPluginJar : add spi
2023-08-23 19:31:36,939 [INFO] IPUIPlugin:64 - create IPUIPlugin
2023-08-23 19:31:36,939 [INFO] PluginManager:200 - loadIPPluginJar : add stm32_wpan
2023-08-23 19:31:36,939 [INFO] IPUIPlugin:64 - create IPUIPlugin
2023-08-23 19:31:36,939 [INFO] PluginManager:200 - loadIPPluginJar : add tim
2023-08-23 19:31:36,939 [INFO] IPUIPlugin:64 - create IPUIPlugin
2023-08-23 19:31:36,939 [INFO] PluginManager:200 - loadIPPluginJar : add touchsensing
2023-08-23 19:31:36,944 [INFO] IPUIPlugin:64 - create IPUIPlugin
2023-08-23 19:31:36,944 [INFO] PluginManager:200 - loadIPPluginJar : add tracer_emb
2023-08-23 19:31:36,944 [INFO] IPUIPlugin:64 - create IPUIPlugin
2023-08-23 19:31:36,944 [INFO] PluginManager:200 - loadIPPluginJar : add ts
2023-08-23 19:31:36,944 [INFO] IPUIPlugin:64 - create IPUIPlugin
2023-08-23 19:31:36,947 [INFO] PluginManager:200 - loadIPPluginJar : add tsc
2023-08-23 19:31:36,947 [INFO] IPUIPlugin:64 - create IPUIPlugin
2023-08-23 19:31:36,947 [INFO] PluginManager:200 - loadIPPluginJar : add ucpd
2023-08-23 19:31:36,949 [INFO] IPUIPlugin:64 - create IPUIPlugin
2023-08-23 19:31:36,949 [INFO] PluginManager:200 - loadIPPluginJar : add usart
2023-08-23 19:31:37,325 [INFO] CubeProgrammer:457 - [DDR PANEL] - PathOfProgrammer: null
2023-08-23 19:31:37,935 [FATAL] Updater:282 - Updater called before beeing initialized
2023-08-23 19:31:38,035 [FATAL] Updater:282 - Updater called before beeing initialized
2023-08-23 19:31:38,035 [WARN] ThirdParty:775 - waiting for thirdparty lock release [close project]
2023-08-23 19:31:38,035 [INFO] ThirdParty:777 - entering critical section [close project]
2023-08-23 19:31:38,035 [INFO] ThirdParty:790 - exiting critical section [close project]
2023-08-23 19:31:38,035 [INFO] PinOutPanel:1418 - setPackage(No Configuration,No Configuration)
2023-08-23 19:31:38,040 [FATAL] Updater:282 - Updater called before beeing initialized
2023-08-23 19:31:38,040 [ERROR] Updater:967 - MainUpdater not yet initialized. External WinMGr cannot be set.
2023-08-23 19:31:38,040 [INFO] CubeProgrammer:457 - [DDR PANEL] - PathOfProgrammer: C:\ST\STM32CubeIDE_1.4.0\STM32CubeIDE\plugins\com.st.stm32cube.ide.mcu.externaltools.cubeprogrammer.win32_1.4.0.202007081208\tools\bin
2023-08-23 19:31:38,050 [INFO] ProgrammerExecThread:148 - [ProgrammerAPI] CubeProgrammer command construction: C:\ST\STM32CubeIDE_1.4.0\STM32CubeIDE\plugins\com.st.stm32cube.ide.mcu.externaltools.cubeprogrammer.win32_1.4.0.202007081208\tools\bin\STM32_Programmer_CLI.exe -l
2023-08-23 19:31:38,152 [INFO] MainDdrPanel:49 - [DDR PANEL] SETTER - Set cubeProgrammerPath to: C:\ST\STM32CubeIDE_1.4.0\STM32CubeIDE\plugins\com.st.stm32cube.ide.mcu.externaltools.cubeprogrammer.win32_1.4.0.202007081208\tools\bin
2023-08-23 19:31:38,167 [INFO] Updater:904 - Updater Version found : 6.0.0
2023-08-23 19:31:38,202 [INFO] ApplicationProperties:181 - Using Application install path: C:\ST\STM32CubeIDE_1.4.0\STM32CubeIDE\plugins\com.st.stm32cube.common.mx_6.0.0.202007160824
2023-08-23 19:31:38,561 [INFO] MainUpdater:2268 - connection check result : 10
2023-08-23 19:31:38,561 [INFO] MainUpdater:239 - Updater Check For Update Now.
2023-08-23 19:31:38,561 [INFO] MicroXplorer:414 - Change Database Version : DB.6.0.0
2023-08-23 19:31:38,601 [INFO] CheckServerUpdateThread:102 - End of CheckServer Thread
2023-08-23 19:31:38,666 [INFO] MainUpdater:2268 - connection check result : 10
2023-08-23 19:31:38,802 [INFO] McuFinderGlobals:40 - Set McuFinder mode to 2 (CubeIDE integrated)
2023-08-23 19:31:38,872 [INFO] CrossSelectorPresenter:1330 - Cross Selector saved comparison directory: C:\Users\Admin\.stmcufinder\plugins\mcufinder\mcu\cs_comparisons_mx
2023-08-23 19:31:38,877 [INFO] MultiScanPanel:193 - Auto-refresh data requested => check proxy status ongoing
2023-08-23 19:31:38,877 [INFO] FinderPluginLoader:87 - Searching for filters in installed packs
2023-08-23 19:31:38,877 [INFO] DbMcusXml:100 - Load MCU database from C:\ST\STM32CubeIDE_1.4.0\STM32CubeIDE\plugins\com.st.stm32cube.common.mx_6.0.0.202007160824\\db\/mcu/families.xml
2023-08-23 19:31:39,362 [INFO] DbMcusJson:92 - JSON generation date=Tue Nov 16 18:17:54 EET 2021 (1637079474)
2023-08-23 19:31:39,537 [WARN] IntegrityCheckThread:61 - waiting for thirdparty lock release [integrity check]
2023-08-23 19:31:39,537 [INFO] IntegrityCheckThread:63 - entering critical section [integrity check]
2023-08-23 19:31:39,931 [INFO] ThirdPartyDb:299 - Save Third Party DataBase File (C:/Users/Admin/.stm32cubemx/plugins/thirdparty/db/thirdparties_db.xml) [forced]
2023-08-23 19:31:39,975 [INFO] ThirdPartyDb:299 - Save Third Party DataBase File (C:/Users/Admin/.stm32cubemx/plugins/thirdparty/db/thirdparties_db.xml) [forced]
2023-08-23 19:31:40,010 [INFO] IntegrityCheckThread:76 - exiting critical section [integrity check]
2023-08-23 19:31:40,015 [INFO] IntegrityCheckThread:79 - End integrity checks thread
2023-08-23 19:31:40,070 [INFO] DbMcus:175 - Found 1761 MCUs (1722 are supported by CubeMX, 1911 are visible in CubeMX)
2023-08-23 19:31:40,070 [INFO] ApiDb:201 - Load user favorites file C:\Users\Admin/.stm32cubeide/favorites.mcus.txt: 0 item(s)
2023-08-23 19:31:40,070 [INFO] ApiDb:205 - User favorites MCUs=[]
2023-08-23 19:31:40,070 [INFO] DbMcus:187 - Set 0 / 0 favorites MCUs
2023-08-23 19:31:40,367 [INFO] LoadUrlFilesThread:162 - End of LoadServerUrlFiles without Thread
2023-08-23 19:31:40,372 [INFO] DetailPanel:331 - Set advertising image to C:/Users/Admin/STM32Cube/Repository/\stm32cubemx-promo_image.jpg
2023-08-23 19:31:40,622 [INFO] McuFilterPanel:245 - Update 0 favorites MCUs
2023-08-23 19:31:40,687 [INFO] DbBoardsPdsc:94 - Found 23 items
2023-08-23 19:31:40,692 [INFO] DbBoardsPdsc:94 - Found 9 items
2023-08-23 19:31:40,692 [INFO] DbBoardsPdsc:94 - Found 29 items
2023-08-23 19:31:40,697 [INFO] DbBoardsPdsc:94 - Found 1 items
2023-08-23 19:31:40,697 [INFO] DbBoardsPdsc:94 - Found 44 items
2023-08-23 19:31:40,702 [INFO] DbBoardsPdsc:94 - Found 40 items
2023-08-23 19:31:40,707 [INFO] DbBoardsPdsc:94 - Found 2 items
2023-08-23 19:31:40,707 [INFO] DbBoardsPdsc:94 - Found 4 items
2023-08-23 19:31:40,712 [WARN] DbBoardsPdsc:258 - Board STM32H7B3I-DK: unknown feature type=Audio, name=, username=Audio stereo codec with Headphone Amp (CS42L51-CNZ), n=1
2023-08-23 19:31:40,712 [WARN] DbBoardsPdsc:258 - Board STM32H735G-DK: unknown feature type=Audio, name=, username=Audio stereo codec with Headphone Amp (WM8994ECS/R), n=1
2023-08-23 19:31:40,717 [WARN] DbBoardsPdsc:258 - Board STM32H7B3I-EVAL: unknown feature type=Audio, name=, username=Multi-Channel Audio Codec (CS42L51-CNZ), n=1
2023-08-23 19:31:40,717 [WARN] DbBoardsPdsc:258 - Board STM32H7B3I-EVAL: unknown feature type=Meter, name=, username=Power-metering and Temperature-monitoring with sigma-delta modulators, n=1
2023-08-23 19:31:40,717 [WARN] DbBoardsPdsc:258 - Board STM32H7B3I-EVAL: unknown feature type=Motor, name=, username=Motor Control, n=1
2023-08-23 19:31:40,750 [INFO] DbBoardsJson:85 - JSON generation date=Tue Nov 16 18:17:54 EET 2021 (1637079474)
2023-08-23 19:31:40,757 [INFO] DbBoards:117 - Found 166 boards (149 are supported by CubeMX)
2023-08-23 19:31:40,762 [INFO] DbBoardsDocs:145 - JSON generation date=Tue Nov 16 18:17:54 EET 2021 (1637079474)
2023-08-23 19:31:40,767 [INFO] DbBoardsDocs:81 - Found 209 boards documents
2023-08-23 19:31:40,767 [WARN] DbBoards:127 - board B-L475E-IOT01A2 has no document id list !
2023-08-23 19:31:40,767 [WARN] DbBoards:127 - board NUCLEO-H743ZI has no document id list !
2023-08-23 19:31:40,767 [WARN] DbBoards:127 - board P-NUCLEO-WB55-Nucleo has no document id list !
2023-08-23 19:31:40,767 [WARN] DbBoards:127 - board P-NUCLEO-WB55-USBDongle has no document id list !
2023-08-23 19:31:40,767 [WARN] DbBoards:127 - board STEVAL-BFA001V1B has no document id list !
2023-08-23 19:31:40,767 [WARN] DbBoards:127 - board STEVAL-BFA001V2B has no document id list !
2023-08-23 19:31:40,767 [WARN] DbBoards:127 - board STEVAL-IDP005V1 has no document id list !
2023-08-23 19:31:40,767 [WARN] DbBoards:127 - board STEVAL-IDP005V2 has no document id list !
2023-08-23 19:31:40,767 [WARN] DbBoards:127 - board STEVAL-MKSBOX1V1 has no document id list !
2023-08-23 19:31:40,767 [WARN] DbBoards:127 - board STEVAL-STWINKT1 has no document id list !
2023-08-23 19:31:40,767 [WARN] DbBoards:127 - board STEVAL-STWINKT1B has no document id list !
2023-08-23 19:31:40,767 [WARN] DbBoards:127 - board STM32439I-EVAL2 has no document id list !
2023-08-23 19:31:40,772 [WARN] DbBoards:127 - board STM32F401C-DISCO has no document id list !
2023-08-23 19:31:40,772 [WARN] DbBoards:127 - board STM32F769I-DISC1 has no document id list !
2023-08-23 19:31:40,772 [WARN] DbBoards:127 - board STM32G474E-EVAL1 has no document id list !
2023-08-23 19:31:40,772 [WARN] DbBoards:127 - board STM32H743I-EVAL2 has no document id list !
2023-08-23 19:31:40,772 [WARN] DbBoards:127 - board STM32H747I-DISC1 has no document id list !
2023-08-23 19:31:40,772 [WARN] DbBoards:127 - board STM32H753I-EVAL2 has no document id list !
2023-08-23 19:31:40,772 [WARN] DbBoards:127 - board STM32L-DISCOVERY has no document id list !
2023-08-23 19:31:40,847 [ERROR] DbBoards:189 - Image file not found for board B-L462E-CELL1: C:\ST\STM32CubeIDE_1.4.0\STM32CubeIDE\plugins\com.st.stm32cube.common.mx_6.0.0.202007160824\\db\/plugins/mcufinder/images/boards/B-L462E-CELL1_small.jpg
2023-08-23 19:31:40,877 [ERROR] DbBoards:189 - Image file not found for board B-U585I-IOT02A: C:\ST\STM32CubeIDE_1.4.0\STM32CubeIDE\plugins\com.st.stm32cube.common.mx_6.0.0.202007160824\\db\/plugins/mcufinder/images/boards/B-U585I-IOT02A_small.jpg
2023-08-23 19:31:40,929 [ERROR] DbBoards:189 - Image file not found for board NUCLEO-F413ZH: C:\ST\STM32CubeIDE_1.4.0\STM32CubeIDE\plugins\com.st.stm32cube.common.mx_6.0.0.202007160824\\db\/plugins/mcufinder/images/boards/nucleo-f413zh_small.jpg
2023-08-23 19:31:41,015 [ERROR] DbBoards:189 - Image file not found for board NUCLEO-L552ZE-Q: C:\ST\STM32CubeIDE_1.4.0\STM32CubeIDE\plugins\com.st.stm32cube.common.mx_6.0.0.202007160824\\db\/plugins/mcufinder/images/boards/nucleo_l552ze_q_small.jpg
2023-08-23 19:31:41,015 [ERROR] DbBoards:189 - Image file not found for board NUCLEO-U575ZI-Q: C:\ST\STM32CubeIDE_1.4.0\STM32CubeIDE\plugins\com.st.stm32cube.common.mx_6.0.0.202007160824\\db\/plugins/mcufinder/images/boards/nucleo-u575zi-q_small.jpg
2023-08-23 19:31:41,015 [ERROR] DbBoards:189 - Image file not found for board NUCLEO-WB15CC: C:\ST\STM32CubeIDE_1.4.0\STM32CubeIDE\plugins\com.st.stm32cube.common.mx_6.0.0.202007160824\\db\/plugins/mcufinder/images/boards/nucleo-wb15cc_small.jpg
2023-08-23 19:31:41,015 [ERROR] DbBoards:189 - Image file not found for board NUCLEO-WB55RG: C:\ST\STM32CubeIDE_1.4.0\STM32CubeIDE\plugins\com.st.stm32cube.common.mx_6.0.0.202007160824\\db\/plugins/mcufinder/images/boards/nucleo-wb55rg_small.jpg
2023-08-23 19:31:41,015 [ERROR] DbBoards:189 - Image file not found for board NUCLEO-WL55JC: C:\ST\STM32CubeIDE_1.4.0\STM32CubeIDE\plugins\com.st.stm32cube.common.mx_6.0.0.202007160824\\db\/plugins/mcufinder/images/boards/nucleo-wl55jc-small.jpg
2023-08-23 19:31:41,125 [ERROR] DbBoards:189 - Image file not found for board STEVAL-STWINKT1B: C:\ST\STM32CubeIDE_1.4.0\STM32CubeIDE\plugins\com.st.stm32cube.common.mx_6.0.0.202007160824\\db\/plugins/mcufinder/images/boards/steval-stwinkt1b_small.jpg
2023-08-23 19:31:41,337 [ERROR] DbBoards:189 - Image file not found for board STM32G0C1E-EV: C:\ST\STM32CubeIDE_1.4.0\STM32CubeIDE\plugins\com.st.stm32cube.common.mx_6.0.0.202007160824\\db\/plugins/mcufinder/images/boards/stm32g0c1e-eval_small.jpg
2023-08-23 19:31:41,397 [ERROR] DbBoards:189 - Image file not found for board STM32H7B3I-EVAL: C:\ST\STM32CubeIDE_1.4.0\STM32CubeIDE\plugins\com.st.stm32cube.common.mx_6.0.0.202007160824\\db\/plugins/mcufinder/images/boards/stm32h7b3ieval_small.jpg
2023-08-23 19:31:41,518 [ERROR] DbBoards:189 - Image file not found for board STM32U575I-EV: C:\ST\STM32CubeIDE_1.4.0\STM32CubeIDE\plugins\com.st.stm32cube.common.mx_6.0.0.202007160824\\db\/plugins/mcufinder/images/boards/stm32u575i-ev_small.jpg
2023-08-23 19:31:41,533 [ERROR] DbBoards:189 - Image file not found for board STM32WB5MM-DK: C:\ST\STM32CubeIDE_1.4.0\STM32CubeIDE\plugins\com.st.stm32cube.common.mx_6.0.0.202007160824\\db\/plugins/mcufinder/images/boards/STM32WB5MM-DK_small.jpg
2023-08-23 19:31:41,533 [INFO] ApiDb:201 - Load user favorites file C:\Users\Admin/.stm32cubeide/favorites.boards.txt: 0 item(s)
2023-08-23 19:31:41,533 [INFO] ApiDb:205 - User favorites Boards=[]
2023-08-23 19:31:41,533 [INFO] DbBoards:206 - Set 0 / 0 favorites Boards
2023-08-23 19:31:57,279 [INFO] DbMcusDocs:145 - JSON generation date=Tue Nov 16 18:17:54 EET 2021 (1637079474)
2023-08-23 19:31:57,421 [INFO] DbMcusDocs:81 - Found 682 MCUs documents
2023-08-23 19:32:23,473 [INFO] LogOutputStream:76 - [STDOUT_REDIRECT] withoutVersionV1.8.4
2023-08-23 19:32:23,473 [INFO] LogOutputStream:76 - [STDOUT_REDIRECT] withoutVersionV1.8.3
2023-08-23 19:32:23,473 [INFO] LogOutputStream:76 - [STDOUT_REDIRECT] withoutVersionV1.8.2
2023-08-23 19:32:23,473 [INFO] LogOutputStream:76 - [STDOUT_REDIRECT] withoutVersionV1.8.1
2023-08-23 19:32:23,473 [INFO] LogOutputStream:76 - [STDOUT_REDIRECT] withoutVersionV1.8.0
2023-08-23 19:32:26,326 [INFO] ApiDb:226 - Save user favorites file C:\Users\Admin/.stm32cubeide/favorites.mcus.txt: 0 item(s)
2023-08-23 19:32:26,326 [INFO] ApiDb:230 - User favorites MCUs=[]
