2023-10-22 10:38:55,012 [INFO] Activator:178 - 


2023-10-22 10:38:55,015 [INFO] Activator:179 - !SESSION log4j initialized
2023-10-22 10:39:07,376 [INFO] ApplicationProperties:181 - Using Application install path: C:\ST\STM32CubeIDE_1.4.0\STM32CubeIDE\plugins\com.st.stm32cube.common.mx_6.0.0.202007160824
2023-10-22 10:39:07,386 [INFO] DbMcusXml:70 - Set database path to: C:\ST\STM32CubeIDE_1.4.0\STM32CubeIDE\plugins\com.st.stm32cube.common.mx_6.0.0.202007160824\\db\/mcu/
2023-10-22 10:39:07,389 [INFO] DbBoardsPdsc:56 - Set plugin database path to: C:\ST\STM32CubeIDE_1.4.0\STM32CubeIDE\plugins\com.st.stm32cube.common.mx_6.0.0.202007160824\\db\/plugins/boardmanager/
2023-10-22 10:39:07,389 [INFO] DbMcus:258 - Set plugin images path to: C:\ST\STM32CubeIDE_1.4.0\STM32CubeIDE\plugins\com.st.stm32cube.common.mx_6.0.0.202007160824\\db\/plugins/mcufinder/images/
2023-10-22 10:39:07,389 [INFO] DbBoards:264 - Set plugin images path to: C:\ST\STM32CubeIDE_1.4.0\STM32CubeIDE\plugins\com.st.stm32cube.common.mx_6.0.0.202007160824\\db\/plugins/mcufinder/images/
2023-10-22 10:39:07,391 [INFO] DbExamples:326 - Set plugin images path to: C:\ST\STM32CubeIDE_1.4.0\STM32CubeIDE\plugins\com.st.stm32cube.common.mx_6.0.0.202007160824\\db\/plugins/mcufinder/images/
2023-10-22 10:39:07,398 [INFO] DbMcusDocs:112 - Set database path to: C:\Users\Admin\.stmcufinder\plugins\mcufinder//mcu/
2023-10-22 10:39:07,400 [INFO] DbMcusJson:63 - Set database path to: C:\Users\Admin\.stmcufinder\plugins\mcufinder//mcu/
2023-10-22 10:39:07,400 [INFO] DbBoardsDocs:112 - Set database path to: C:\Users\Admin\.stmcufinder\plugins\mcufinder//mcu/
2023-10-22 10:39:07,401 [INFO] DbBoardsJson:56 - Set database path to: C:\Users\Admin\.stmcufinder\plugins\mcufinder//mcu/
2023-10-22 10:39:07,403 [INFO] CrossReferenceDbSqlite:196 - Set database path to: C:\Users\Admin\.stmcufinder\plugins\mcufinder//mcu/cs/
2023-10-22 10:39:07,405 [INFO] DbExamplesSqlite:800 - Set database path to: C:\Users\Admin\.stmcufinder\plugins\mcufinder//mcu/
2023-10-22 10:39:07,486 [INFO] RulesReader:52 - Compatibility file has been processed (209 Rules)
2023-10-22 10:39:07,551 [INFO] MicroXplorer:564 - Detected Java Version = 1.8.0_252
2023-10-22 10:39:07,551 [INFO] DbMcusXml:70 - Set database path to: C:\ST\STM32CubeIDE_1.4.0\STM32CubeIDE\plugins\com.st.stm32cube.common.mx_6.0.0.202007160824\\db\/mcu/
2023-10-22 10:39:07,551 [INFO] DbBoardsPdsc:56 - Set plugin database path to: C:\ST\STM32CubeIDE_1.4.0\STM32CubeIDE\plugins\com.st.stm32cube.common.mx_6.0.0.202007160824\\db\/plugins/boardmanager/
2023-10-22 10:39:07,552 [INFO] DbMcus:258 - Set plugin images path to: C:\ST\STM32CubeIDE_1.4.0\STM32CubeIDE\plugins\com.st.stm32cube.common.mx_6.0.0.202007160824\\db\/plugins/mcufinder/images/
2023-10-22 10:39:07,552 [INFO] DbBoards:264 - Set plugin images path to: C:\ST\STM32CubeIDE_1.4.0\STM32CubeIDE\plugins\com.st.stm32cube.common.mx_6.0.0.202007160824\\db\/plugins/mcufinder/images/
2023-10-22 10:39:07,552 [INFO] DbExamples:326 - Set plugin images path to: C:\ST\STM32CubeIDE_1.4.0\STM32CubeIDE\plugins\com.st.stm32cube.common.mx_6.0.0.202007160824\\db\/plugins/mcufinder/images/
2023-10-22 10:39:07,552 [WARN] DbFile:36 - Overriding database path with different value: C:\Users\Admin\.stmcufinder\plugins\mcufinder/ => C:\Users\Admin\.stmcufinder\plugins\mcufinder
2023-10-22 10:39:07,552 [INFO] DbMcusDocs:112 - Set database path to: C:\Users\Admin\.stmcufinder\plugins\mcufinder//mcu/
2023-10-22 10:39:07,552 [WARN] DbFile:36 - Overriding database path with different value: C:\Users\Admin\.stmcufinder\plugins\mcufinder/ => C:\Users\Admin\.stmcufinder\plugins\mcufinder
2023-10-22 10:39:07,552 [INFO] DbMcusJson:63 - Set database path to: C:\Users\Admin\.stmcufinder\plugins\mcufinder//mcu/
2023-10-22 10:39:07,553 [WARN] DbFile:36 - Overriding database path with different value: C:\Users\Admin\.stmcufinder\plugins\mcufinder/ => C:\Users\Admin\.stmcufinder\plugins\mcufinder
2023-10-22 10:39:07,553 [INFO] DbBoardsDocs:112 - Set database path to: C:\Users\Admin\.stmcufinder\plugins\mcufinder//mcu/
2023-10-22 10:39:07,553 [WARN] DbFile:36 - Overriding database path with different value: C:\Users\Admin\.stmcufinder\plugins\mcufinder/ => C:\Users\Admin\.stmcufinder\plugins\mcufinder
2023-10-22 10:39:07,553 [INFO] DbBoardsJson:56 - Set database path to: C:\Users\Admin\.stmcufinder\plugins\mcufinder//mcu/
2023-10-22 10:39:07,553 [WARN] DbFile:36 - Overriding database path with different value: C:\Users\Admin\.stmcufinder\plugins\mcufinder/ => C:\Users\Admin\.stmcufinder\plugins\mcufinder
2023-10-22 10:39:07,553 [WARN] DbFile:36 - Overriding database path with different value: C:\Users\Admin\.stmcufinder\plugins\mcufinder/ => C:\Users\Admin\.stmcufinder\plugins\mcufinder
2023-10-22 10:39:07,553 [INFO] CrossReferenceDbSqlite:196 - Set database path to: C:\Users\Admin\.stmcufinder\plugins\mcufinder//mcu/cs/
2023-10-22 10:39:07,553 [WARN] DbFile:36 - Overriding database path with different value: C:\Users\Admin\.stmcufinder\plugins\mcufinder/ => C:\Users\Admin\.stmcufinder\plugins\mcufinder
2023-10-22 10:39:07,553 [INFO] DbExamplesSqlite:800 - Set database path to: C:\Users\Admin\.stmcufinder\plugins\mcufinder//mcu/
2023-10-22 10:39:07,611 [INFO] MainPanel:189 - HeapMemory: 288358400
2023-10-22 10:39:07,676 [INFO] DbMcusXml:70 - Set database path to: C:\ST\STM32CubeIDE_1.4.0\STM32CubeIDE\plugins\com.st.stm32cube.common.mx_6.0.0.202007160824\\db\/mcu/
2023-10-22 10:39:07,677 [INFO] DbBoardsPdsc:56 - Set plugin database path to: C:\ST\STM32CubeIDE_1.4.0\STM32CubeIDE\plugins\com.st.stm32cube.common.mx_6.0.0.202007160824\\db\/plugins/boardmanager/
2023-10-22 10:39:07,677 [INFO] DbMcus:258 - Set plugin images path to: C:\ST\STM32CubeIDE_1.4.0\STM32CubeIDE\plugins\com.st.stm32cube.common.mx_6.0.0.202007160824\\db\/plugins/mcufinder/images/
2023-10-22 10:39:07,677 [INFO] DbBoards:264 - Set plugin images path to: C:\ST\STM32CubeIDE_1.4.0\STM32CubeIDE\plugins\com.st.stm32cube.common.mx_6.0.0.202007160824\\db\/plugins/mcufinder/images/
2023-10-22 10:39:07,677 [INFO] DbExamples:326 - Set plugin images path to: C:\ST\STM32CubeIDE_1.4.0\STM32CubeIDE\plugins\com.st.stm32cube.common.mx_6.0.0.202007160824\\db\/plugins/mcufinder/images/
2023-10-22 10:39:07,677 [WARN] DbFile:36 - Overriding database path with different value: C:\Users\Admin\.stmcufinder\plugins\mcufinder/ => C:\Users\Admin\.stmcufinder\plugins\mcufinder
2023-10-22 10:39:07,678 [INFO] DbMcusDocs:112 - Set database path to: C:\Users\Admin\.stmcufinder\plugins\mcufinder//mcu/
2023-10-22 10:39:07,678 [WARN] DbFile:36 - Overriding database path with different value: C:\Users\Admin\.stmcufinder\plugins\mcufinder/ => C:\Users\Admin\.stmcufinder\plugins\mcufinder
2023-10-22 10:39:07,678 [INFO] DbMcusJson:63 - Set database path to: C:\Users\Admin\.stmcufinder\plugins\mcufinder//mcu/
2023-10-22 10:39:07,678 [WARN] DbFile:36 - Overriding database path with different value: C:\Users\Admin\.stmcufinder\plugins\mcufinder/ => C:\Users\Admin\.stmcufinder\plugins\mcufinder
2023-10-22 10:39:07,678 [INFO] DbBoardsDocs:112 - Set database path to: C:\Users\Admin\.stmcufinder\plugins\mcufinder//mcu/
2023-10-22 10:39:07,678 [WARN] DbFile:36 - Overriding database path with different value: C:\Users\Admin\.stmcufinder\plugins\mcufinder/ => C:\Users\Admin\.stmcufinder\plugins\mcufinder
2023-10-22 10:39:07,678 [INFO] DbBoardsJson:56 - Set database path to: C:\Users\Admin\.stmcufinder\plugins\mcufinder//mcu/
2023-10-22 10:39:07,678 [WARN] DbFile:36 - Overriding database path with different value: C:\Users\Admin\.stmcufinder\plugins\mcufinder/ => C:\Users\Admin\.stmcufinder\plugins\mcufinder
2023-10-22 10:39:07,678 [WARN] DbFile:36 - Overriding database path with different value: C:\Users\Admin\.stmcufinder\plugins\mcufinder/ => C:\Users\Admin\.stmcufinder\plugins\mcufinder
2023-10-22 10:39:07,678 [INFO] CrossReferenceDbSqlite:196 - Set database path to: C:\Users\Admin\.stmcufinder\plugins\mcufinder//mcu/cs/
2023-10-22 10:39:07,678 [WARN] DbFile:36 - Overriding database path with different value: C:\Users\Admin\.stmcufinder\plugins\mcufinder/ => C:\Users\Admin\.stmcufinder\plugins\mcufinder
2023-10-22 10:39:07,679 [INFO] DbExamplesSqlite:800 - Set database path to: C:\Users\Admin\.stmcufinder\plugins\mcufinder//mcu/
2023-10-22 10:39:07,694 [INFO] ApplicationProperties:181 - Using Application install path: C:\ST\STM32CubeIDE_1.4.0\STM32CubeIDE\plugins\com.st.stm32cube.common.mx_6.0.0.202007160824
2023-10-22 10:39:07,696 [INFO] PluginManage:178 - Search for loadable plugins [exclusion list=, ]
2023-10-22 10:39:07,697 [INFO] PluginManage:292 - Check plugin analytics
2023-10-22 10:39:07,809 [INFO] AnalyticsPlugin:203 - Accepted Software Licenses: 
2023-10-22 10:39:07,810 [INFO] AnalyticsPlugin:205 - Accepted CMSIS Pack Licenses: 
2023-10-22 10:39:07,810 [INFO] AnalyticsPlugin:207 - Accepted Firmware Licenses: 
2023-10-22 10:39:07,810 [INFO] PluginManage:342 - Loaded plugin analytics (category:tool,tabindex:-1)
2023-10-22 10:39:07,811 [INFO] PluginManage:292 - Check plugin clock
2023-10-22 10:39:07,822 [INFO] PluginManage:342 - Loaded plugin clock (category:base,tabindex:2)
2023-10-22 10:39:07,822 [INFO] PluginManage:292 - Check plugin ddr
2023-10-22 10:39:07,824 [INFO] PluginManage:342 - Loaded plugin ddr (category:tool,tabindex:6)
2023-10-22 10:39:07,824 [INFO] PluginManage:292 - Check plugin filemanager
2023-10-22 10:39:07,912 [INFO] PluginManage:342 - Loaded plugin filemanager (category:base,tabindex:10)
2023-10-22 10:39:07,912 [INFO] PluginManage:292 - Check plugin ipmanager
2023-10-22 10:39:07,917 [INFO] PluginManage:342 - Loaded plugin ipmanager (category:base,tabindex:5)
2023-10-22 10:39:07,918 [INFO] PluginManage:292 - Check plugin pinoutandconfiguration
2023-10-22 10:39:07,926 [INFO] PluginManage:342 - Loaded plugin pinoutandconfiguration (category:base,tabindex:1)
2023-10-22 10:39:07,927 [INFO] PluginManage:292 - Check plugin pinoutconfig
2023-10-22 10:39:07,950 [INFO] PluginManage:342 - Loaded plugin pinoutconfig (category:base,tabindex:0)
2023-10-22 10:39:07,950 [INFO] PluginManage:292 - Check plugin power
2023-10-22 10:39:07,960 [INFO] PluginManage:342 - Loaded plugin power (category:power,tabindex:4)
2023-10-22 10:39:07,960 [INFO] PluginManage:292 - Check plugin projectmanager
2023-10-22 10:39:07,976 [INFO] PluginManage:342 - Loaded plugin projectmanager (category:projectmanager,tabindex:3)
2023-10-22 10:39:07,977 [INFO] PluginManage:292 - Check plugin thirdparty
2023-10-22 10:39:08,100 [INFO] ThirdPartyDb:333 - Open Third Party DataBase File (C:/Users/Admin/.stm32cubemx/plugins/thirdparty/db/thirdparties_db.xml) : 62 ms. number of Sw pack : 50
2023-10-22 10:39:08,104 [INFO] PluginManage:342 - Loaded plugin thirdparty (category:base,tabindex:-1)
2023-10-22 10:39:08,104 [INFO] PluginManage:292 - Check plugin tools
2023-10-22 10:39:08,107 [INFO] PluginManage:342 - Loaded plugin tools (category:base,tabindex:7)
2023-10-22 10:39:08,107 [INFO] PluginManage:292 - Check plugin tutovideos
2023-10-22 10:39:08,269 [INFO] PluginManage:342 - Loaded plugin tutovideos (category:base,tabindex:-1)
2023-10-22 10:39:08,269 [INFO] PluginManage:292 - Check plugin updater
2023-10-22 10:39:08,279 [INFO] PluginManage:342 - Loaded plugin updater (category:base,tabindex:12)
2023-10-22 10:39:08,280 [INFO] PluginManage:265 - PluginManage : Loaded plugins [13]
2023-10-22 10:39:08,406 [INFO] PinOutPanel:1418 - setPackage(No Configuration,No Configuration)
2023-10-22 10:39:08,477 [INFO] IPUIPlugin:64 - create IPUIPlugin
2023-10-22 10:39:08,477 [INFO] PluginManager:200 - loadIPPluginJar : add adc
2023-10-22 10:39:08,480 [INFO] IPUIPlugin:64 - create IPUIPlugin
2023-10-22 10:39:08,480 [INFO] PluginManager:200 - loadIPPluginJar : add aes
2023-10-22 10:39:08,482 [INFO] IPUIPlugin:64 - create IPUIPlugin
2023-10-22 10:39:08,482 [INFO] PluginManager:200 - loadIPPluginJar : add can
2023-10-22 10:39:08,484 [INFO] IPUIPlugin:64 - create IPUIPlugin
2023-10-22 10:39:08,484 [INFO] PluginManager:200 - loadIPPluginJar : add comp
2023-10-22 10:39:08,490 [INFO] IPUIPlugin:64 - create IPUIPlugin
2023-10-22 10:39:08,490 [INFO] PluginManager:200 - loadIPPluginJar : add cryp
2023-10-22 10:39:08,493 [INFO] IPUIPlugin:64 - create IPUIPlugin
2023-10-22 10:39:08,494 [INFO] PluginManager:200 - loadIPPluginJar : add dfsdm
2023-10-22 10:39:08,499 [INFO] IPUIPlugin:64 - create IPUIPlugin
2023-10-22 10:39:08,500 [INFO] PluginManager:200 - loadIPPluginJar : add dma
2023-10-22 10:39:08,502 [INFO] IPUIPlugin:64 - create IPUIPlugin
2023-10-22 10:39:08,502 [INFO] PluginManager:200 - loadIPPluginJar : add fatfs
2023-10-22 10:39:08,507 [INFO] IPUIPlugin:64 - create IPUIPlugin
2023-10-22 10:39:08,507 [INFO] PluginManager:200 - loadIPPluginJar : add fmc
2023-10-22 10:39:08,513 [INFO] IPUIPlugin:64 - create IPUIPlugin
2023-10-22 10:39:08,513 [INFO] PluginManager:200 - loadIPPluginJar : add freertos
2023-10-22 10:39:08,515 [INFO] IPUIPlugin:64 - create IPUIPlugin
2023-10-22 10:39:08,515 [INFO] PluginManager:200 - loadIPPluginJar : add genericplugin
2023-10-22 10:39:08,518 [INFO] IPUIPlugin:64 - create IPUIPlugin
2023-10-22 10:39:08,518 [INFO] PluginManager:200 - loadIPPluginJar : add gfxmmu
2023-10-22 10:39:08,524 [INFO] IPUIPlugin:64 - create IPUIPlugin
2023-10-22 10:39:08,524 [INFO] PluginManager:200 - loadIPPluginJar : add gic
2023-10-22 10:39:08,529 [INFO] IPUIPlugin:64 - create IPUIPlugin
2023-10-22 10:39:08,530 [INFO] PluginManager:200 - loadIPPluginJar : add gpio
2023-10-22 10:39:08,532 [INFO] IPUIPlugin:64 - create IPUIPlugin
2023-10-22 10:39:08,532 [INFO] PluginManager:200 - loadIPPluginJar : add gtzc
2023-10-22 10:39:08,536 [INFO] IPUIPlugin:64 - create IPUIPlugin
2023-10-22 10:39:08,536 [INFO] PluginManager:200 - loadIPPluginJar : add hash
2023-10-22 10:39:08,539 [INFO] IPUIPlugin:64 - create IPUIPlugin
2023-10-22 10:39:08,539 [INFO] PluginManager:200 - loadIPPluginJar : add i2c
2023-10-22 10:39:08,542 [INFO] IPUIPlugin:64 - create IPUIPlugin
2023-10-22 10:39:08,542 [INFO] PluginManager:200 - loadIPPluginJar : add i2s
2023-10-22 10:39:08,545 [INFO] IPUIPlugin:64 - create IPUIPlugin
2023-10-22 10:39:08,545 [INFO] PluginManager:200 - loadIPPluginJar : add ipddr
2023-10-22 10:39:08,547 [INFO] IPUIPlugin:64 - create IPUIPlugin
2023-10-22 10:39:08,547 [INFO] PluginManager:200 - loadIPPluginJar : add ltdc
2023-10-22 10:39:08,552 [INFO] IPUIPlugin:64 - create IPUIPlugin
2023-10-22 10:39:08,552 [INFO] PluginManager:200 - loadIPPluginJar : add mdma
2023-10-22 10:39:08,555 [INFO] IPUIPlugin:64 - create IPUIPlugin
2023-10-22 10:39:08,555 [INFO] PluginManager:200 - loadIPPluginJar : add nvic
2023-10-22 10:39:08,557 [INFO] IPUIPlugin:64 - create IPUIPlugin
2023-10-22 10:39:08,558 [INFO] PluginManager:200 - loadIPPluginJar : add opamp
2023-10-22 10:39:08,560 [INFO] IPUIPlugin:64 - create IPUIPlugin
2023-10-22 10:39:08,561 [INFO] PluginManager:200 - loadIPPluginJar : add openamp
2023-10-22 10:39:08,563 [INFO] IPUIPlugin:64 - create IPUIPlugin
2023-10-22 10:39:08,563 [INFO] PluginManager:200 - loadIPPluginJar : add pdm2pcm
2023-10-22 10:39:08,569 [INFO] IPUIPlugin:64 - create IPUIPlugin
2023-10-22 10:39:08,571 [INFO] PluginManager:200 - loadIPPluginJar : add plateformsettings
2023-10-22 10:39:08,573 [INFO] IPUIPlugin:64 - create IPUIPlugin
2023-10-22 10:39:08,573 [INFO] PluginManager:200 - loadIPPluginJar : add quadspi
2023-10-22 10:39:08,576 [INFO] IPUIPlugin:64 - create IPUIPlugin
2023-10-22 10:39:08,576 [INFO] PluginManager:200 - loadIPPluginJar : add resmgrutility
2023-10-22 10:39:08,579 [INFO] IPUIPlugin:64 - create IPUIPlugin
2023-10-22 10:39:08,579 [INFO] PluginManager:200 - loadIPPluginJar : add sai
2023-10-22 10:39:08,581 [INFO] IPUIPlugin:64 - create IPUIPlugin
2023-10-22 10:39:08,581 [INFO] PluginManager:200 - loadIPPluginJar : add spi
2023-10-22 10:39:08,584 [INFO] IPUIPlugin:64 - create IPUIPlugin
2023-10-22 10:39:08,584 [INFO] PluginManager:200 - loadIPPluginJar : add stm32_wpan
2023-10-22 10:39:08,586 [INFO] IPUIPlugin:64 - create IPUIPlugin
2023-10-22 10:39:08,586 [INFO] PluginManager:200 - loadIPPluginJar : add tim
2023-10-22 10:39:08,589 [INFO] IPUIPlugin:64 - create IPUIPlugin
2023-10-22 10:39:08,589 [INFO] PluginManager:200 - loadIPPluginJar : add touchsensing
2023-10-22 10:39:08,590 [INFO] IPUIPlugin:64 - create IPUIPlugin
2023-10-22 10:39:08,591 [INFO] PluginManager:200 - loadIPPluginJar : add tracer_emb
2023-10-22 10:39:08,592 [INFO] IPUIPlugin:64 - create IPUIPlugin
2023-10-22 10:39:08,592 [INFO] PluginManager:200 - loadIPPluginJar : add ts
2023-10-22 10:39:08,594 [INFO] IPUIPlugin:64 - create IPUIPlugin
2023-10-22 10:39:08,594 [INFO] PluginManager:200 - loadIPPluginJar : add tsc
2023-10-22 10:39:08,595 [INFO] IPUIPlugin:64 - create IPUIPlugin
2023-10-22 10:39:08,596 [INFO] PluginManager:200 - loadIPPluginJar : add ucpd
2023-10-22 10:39:08,598 [INFO] IPUIPlugin:64 - create IPUIPlugin
2023-10-22 10:39:08,598 [INFO] PluginManager:200 - loadIPPluginJar : add usart
2023-10-22 10:39:08,970 [INFO] CubeProgrammer:457 - [DDR PANEL] - PathOfProgrammer: null
2023-10-22 10:39:09,743 [FATAL] Updater:282 - Updater called before beeing initialized
2023-10-22 10:39:09,873 [FATAL] Updater:282 - Updater called before beeing initialized
2023-10-22 10:39:09,873 [WARN] ThirdParty:775 - waiting for thirdparty lock release [close project]
2023-10-22 10:39:09,873 [INFO] ThirdParty:777 - entering critical section [close project]
2023-10-22 10:39:09,874 [INFO] ThirdParty:790 - exiting critical section [close project]
2023-10-22 10:39:09,876 [INFO] PinOutPanel:1418 - setPackage(No Configuration,No Configuration)
2023-10-22 10:39:09,876 [FATAL] Updater:282 - Updater called before beeing initialized
2023-10-22 10:39:09,880 [ERROR] Updater:967 - MainUpdater not yet initialized. External WinMGr cannot be set.
2023-10-22 10:39:09,881 [INFO] CubeProgrammer:457 - [DDR PANEL] - PathOfProgrammer: C:\ST\STM32CubeIDE_1.4.0\STM32CubeIDE\plugins\com.st.stm32cube.ide.mcu.externaltools.cubeprogrammer.win32_1.4.0.202007081208\tools\bin
2023-10-22 10:39:09,883 [INFO] ProgrammerExecThread:148 - [ProgrammerAPI] CubeProgrammer command construction: C:\ST\STM32CubeIDE_1.4.0\STM32CubeIDE\plugins\com.st.stm32cube.ide.mcu.externaltools.cubeprogrammer.win32_1.4.0.202007081208\tools\bin\STM32_Programmer_CLI.exe -l
2023-10-22 10:39:09,988 [INFO] MainDdrPanel:49 - [DDR PANEL] SETTER - Set cubeProgrammerPath to: C:\ST\STM32CubeIDE_1.4.0\STM32CubeIDE\plugins\com.st.stm32cube.ide.mcu.externaltools.cubeprogrammer.win32_1.4.0.202007081208\tools\bin
2023-10-22 10:39:10,005 [INFO] Updater:904 - Updater Version found : 6.0.0
2023-10-22 10:39:10,020 [INFO] ApplicationProperties:181 - Using Application install path: C:\ST\STM32CubeIDE_1.4.0\STM32CubeIDE\plugins\com.st.stm32cube.common.mx_6.0.0.202007160824
2023-10-22 10:39:10,824 [INFO] MainUpdater:2268 - connection check result : 10
2023-10-22 10:39:10,824 [INFO] MainUpdater:2935 - Updater definition file requires update
2023-10-22 10:39:10,825 [INFO] MainUpdater:239 - Updater Check For Update Now.
2023-10-22 10:39:10,825 [INFO] MicroXplorer:414 - Change Database Version : DB.6.0.0
2023-10-22 10:39:11,106 [WARN] IntegrityCheckThread:61 - waiting for thirdparty lock release [integrity check]
2023-10-22 10:39:11,106 [INFO] IntegrityCheckThread:63 - entering critical section [integrity check]
2023-10-22 10:39:11,107 [WARN] MainUpdater:1087 - Updater busy. Cannot search thirdparties
2023-10-22 10:39:11,209 [INFO] ServerAccessManage:348 - Download File updaters.zip
2023-10-22 10:39:11,381 [INFO] FileExtend:225 - Unzip File : updaters.zip
2023-10-22 10:39:11,381 [INFO] FileExtend:240 - Standard Zip Deflate
2023-10-22 10:39:12,566 [INFO] ServerAccessManage:348 - Download File PacksControlFlags.xml
2023-10-22 10:39:12,945 [INFO] ServerAccessManage:348 - Download File cubemx.pidx
2023-10-22 10:39:13,747 [INFO] ServerAccessManage:348 - Download File STMicroelectronics.X-CUBE-MEMS1.pdsc
2023-10-22 10:39:14,119 [WARN] MainUpdater:1087 - Updater busy. Cannot search thirdparties
2023-10-22 10:39:17,140 [WARN] MainUpdater:1087 - Updater busy. Cannot search thirdparties
2023-10-22 10:39:20,173 [WARN] MainUpdater:1087 - Updater busy. Cannot search thirdparties
2023-10-22 10:39:22,081 [INFO] MainUpdater:2268 - connection check result : 10
2023-10-22 10:39:23,185 [WARN] MainUpdater:1087 - Updater busy. Cannot search thirdparties
2023-10-22 10:39:23,897 [ERROR] ServerAccessManage:954 - Problem, Http access forbiden
2023-10-22 10:39:23,898 [ERROR] ServerAccessManage:517 - Problem, Http access forbiden : RoweBots.I-CUBE-UNISONRTOS.pdsc.
2023-10-22 10:39:25,045 [INFO] ServerAccessManage:348 - Download File Infineon.AIROC-Wi-Fi-Bluetooth-STM32.pdsc
2023-10-22 10:39:26,189 [WARN] MainUpdater:1087 - Updater busy. Cannot search thirdparties
2023-10-22 10:39:27,352 [INFO] CheckServerUpdateThread:102 - End of CheckServer Thread
2023-10-22 10:39:27,702 [INFO] ServerAccessManage:348 - Download File mcusDocs.json._tmp_
2023-10-22 10:39:27,705 [INFO] ThirdPartyDb:299 - Save Third Party DataBase File (C:/Users/Admin/.stm32cubemx/plugins/thirdparty/db/thirdparties_db.xml) [forced]
2023-10-22 10:39:27,794 [WARN] PopulateThirdPartyThread:96 - Error when creating pack: C:/Users/Admin/.stm32cubemx/thirdparties/pdsc/Infineon.AIROC-Wi-Fi-Bluetooth-STM32.pdsc
2023-10-22 10:39:27,795 [INFO] PopulateThirdPartyThread:50 - Ending populate Thread
2023-10-22 10:39:27,795 [INFO] ThirdPartyDb:299 - Save Third Party DataBase File (C:/Users/Admin/.stm32cubemx/plugins/thirdparty/db/thirdparties_db.xml) [forced]
2023-10-22 10:39:27,827 [INFO] LoadUrlFilesThread:135 - End of LoadUrlFiles Thread
2023-10-22 10:39:27,842 [INFO] Engine:289 - softwarePackList size : 51
2023-10-22 10:39:27,870 [INFO] Engine:301 - compute dependency for SwPack FP-ATR-ASTRA1 have been done, and update is requested
2023-10-22 10:39:27,888 [INFO] Engine:301 - compute dependency for SwPack FP-ATR-SIGFOX1 have been done, and update is requested
2023-10-22 10:39:27,900 [INFO] Engine:301 - compute dependency for SwPack X-CUBE-AI have been done, and update is requested
2023-10-22 10:39:27,913 [INFO] Engine:301 - compute dependency for SwPack X-CUBE-ALS have been done, and update is requested
2023-10-22 10:39:27,937 [INFO] ServerAccessManage:348 - Download File mcusFeaturesAndDescription.json._tmp_
2023-10-22 10:39:27,945 [INFO] Engine:301 - compute dependency for SwPack X-CUBE-BLE1 have been done, and update is requested
2023-10-22 10:39:27,957 [INFO] Engine:301 - compute dependency for SwPack X-CUBE-BLE2 have been done, and update is requested
2023-10-22 10:39:27,978 [INFO] Engine:301 - compute dependency for SwPack X-CUBE-BLEMGR have been done, and update is requested
2023-10-22 10:39:28,017 [INFO] Engine:301 - compute dependency for SwPack X-CUBE-EEPRMA1 have been done, and update is requested
2023-10-22 10:39:28,036 [INFO] Engine:301 - compute dependency for SwPack X-CUBE-GNSS1 have been done, and update is requested
2023-10-22 10:39:28,051 [INFO] Engine:301 - compute dependency for SwPack X-CUBE-ISPU have been done, and update is requested
2023-10-22 10:39:28,715 [INFO] Engine:301 - compute dependency for SwPack X-CUBE-MEMS1 have been done, and update is requested
2023-10-22 10:39:28,730 [INFO] Engine:301 - compute dependency for SwPack X-CUBE-NFC4 have been done, and update is requested
2023-10-22 10:39:28,742 [INFO] Engine:301 - compute dependency for SwPack X-CUBE-NFC7 have been done, and update is requested
2023-10-22 10:39:28,756 [INFO] Engine:301 - compute dependency for SwPack X-CUBE-SFXS2LP1 have been done, and update is requested
2023-10-22 10:39:28,799 [INFO] Engine:301 - compute dependency for SwPack X-CUBE-SUBG2 have been done, and update is requested
2023-10-22 10:39:28,835 [INFO] Engine:301 - compute dependency for SwPack X-CUBE-TOF1 have been done, and update is requested
2023-10-22 10:39:28,841 [INFO] Engine:305 - compute dependency for SwPack X-CUBE-TOUCHGFX have been done, no update is requested
2023-10-22 10:39:28,844 [INFO] Engine:301 - compute dependency for SwPack X-CUBE-ALGOBUILD have been done, and update is requested
2023-10-22 10:39:28,859 [INFO] Engine:301 - compute dependency for SwPack X-CUBE-AZRTOS-H7 have been done, and update is requested
2023-10-22 10:39:28,871 [INFO] Engine:301 - compute dependency for SwPack X-CUBE-AZRTOS-F4 have been done, and update is requested
2023-10-22 10:39:28,904 [INFO] Engine:301 - compute dependency for SwPack X-CUBE-AZRTOS-F7 have been done, and update is requested
2023-10-22 10:39:28,924 [INFO] Engine:301 - compute dependency for SwPack X-CUBE-AZRTOS-L4 have been done, and update is requested
2023-10-22 10:39:28,932 [ERROR] DependencyParser:1297 - StateRcvOpen_Cte Bad Token : )
2023-10-22 10:39:28,933 [ERROR] DependencyParser:1297 - StateRcvOpen_Cte Bad Token : )
2023-10-22 10:39:28,934 [ERROR] DependencyParser:1297 - StateRcvOpen_Cte Bad Token : )
2023-10-22 10:39:28,934 [ERROR] DependencyParser:1297 - StateRcvOpen_Cte Bad Token : )
2023-10-22 10:39:28,934 [ERROR] DependencyParser:1297 - StateRcvOpen_Cte Bad Token : )
2023-10-22 10:39:28,934 [ERROR] DependencyParser:1297 - StateRcvOpen_Cte Bad Token : )
2023-10-22 10:39:28,934 [ERROR] DependencyParser:1297 - StateRcvOpen_Cte Bad Token : )
2023-10-22 10:39:28,934 [ERROR] DependencyParser:1297 - StateRcvOpen_Cte Bad Token : )
2023-10-22 10:39:28,934 [ERROR] DependencyParser:1297 - StateRcvOpen_Cte Bad Token : )
2023-10-22 10:39:28,934 [ERROR] DependencyParser:1297 - StateRcvOpen_Cte Bad Token : )
2023-10-22 10:39:28,935 [ERROR] DependencyParser:1297 - StateRcvOpen_Cte Bad Token : )
2023-10-22 10:39:28,935 [ERROR] DependencyParser:1297 - StateRcvOpen_Cte Bad Token : )
2023-10-22 10:39:28,935 [ERROR] DependencyParser:1297 - StateRcvOpen_Cte Bad Token : )
2023-10-22 10:39:28,935 [ERROR] DependencyParser:1297 - StateRcvOpen_Cte Bad Token : )
2023-10-22 10:39:28,935 [ERROR] DependencyParser:1297 - StateRcvOpen_Cte Bad Token : )
2023-10-22 10:39:28,935 [ERROR] DependencyParser:1297 - StateRcvOpen_Cte Bad Token : )
2023-10-22 10:39:28,935 [ERROR] DependencyParser:1297 - StateRcvOpen_Cte Bad Token : )
2023-10-22 10:39:28,935 [ERROR] DependencyParser:1297 - StateRcvOpen_Cte Bad Token : )
2023-10-22 10:39:28,935 [ERROR] DependencyParser:1297 - StateRcvOpen_Cte Bad Token : )
2023-10-22 10:39:28,935 [ERROR] DependencyParser:1297 - StateRcvOpen_Cte Bad Token : )
2023-10-22 10:39:28,936 [ERROR] DependencyParser:1297 - StateRcvOpen_Cte Bad Token : )
2023-10-22 10:39:28,936 [ERROR] DependencyParser:1297 - StateRcvOpen_Cte Bad Token : )
2023-10-22 10:39:28,936 [ERROR] DependencyParser:1297 - StateRcvOpen_Cte Bad Token : )
2023-10-22 10:39:28,936 [ERROR] DependencyParser:1297 - StateRcvOpen_Cte Bad Token : )
2023-10-22 10:39:28,936 [ERROR] DependencyParser:1297 - StateRcvOpen_Cte Bad Token : )
2023-10-22 10:39:28,936 [ERROR] DependencyParser:1297 - StateRcvOpen_Cte Bad Token : )
2023-10-22 10:39:28,936 [ERROR] DependencyParser:1297 - StateRcvOpen_Cte Bad Token : )
2023-10-22 10:39:28,936 [ERROR] DependencyParser:1297 - StateRcvOpen_Cte Bad Token : )
2023-10-22 10:39:28,936 [ERROR] DependencyParser:1297 - StateRcvOpen_Cte Bad Token : )
2023-10-22 10:39:28,936 [ERROR] DependencyParser:1297 - StateRcvOpen_Cte Bad Token : )
2023-10-22 10:39:28,936 [ERROR] DependencyParser:1297 - StateRcvOpen_Cte Bad Token : )
2023-10-22 10:39:28,936 [ERROR] DependencyParser:1297 - StateRcvOpen_Cte Bad Token : )
2023-10-22 10:39:28,937 [ERROR] DependencyParser:1297 - StateRcvOpen_Cte Bad Token : )
2023-10-22 10:39:28,937 [ERROR] DependencyParser:1297 - StateRcvOpen_Cte Bad Token : )
2023-10-22 10:39:28,937 [ERROR] DependencyParser:1297 - StateRcvOpen_Cte Bad Token : )
2023-10-22 10:39:28,937 [ERROR] DependencyParser:1297 - StateRcvOpen_Cte Bad Token : )
2023-10-22 10:39:28,937 [ERROR] DependencyParser:1297 - StateRcvOpen_Cte Bad Token : )
2023-10-22 10:39:28,937 [ERROR] DependencyParser:1297 - StateRcvOpen_Cte Bad Token : )
2023-10-22 10:39:28,937 [ERROR] DependencyParser:1297 - StateRcvOpen_Cte Bad Token : )
2023-10-22 10:39:28,937 [ERROR] DependencyParser:1297 - StateRcvOpen_Cte Bad Token : )
2023-10-22 10:39:28,937 [ERROR] DependencyParser:1297 - StateRcvOpen_Cte Bad Token : )
2023-10-22 10:39:28,937 [ERROR] DependencyParser:1297 - StateRcvOpen_Cte Bad Token : )
2023-10-22 10:39:28,937 [ERROR] DependencyParser:1297 - StateRcvOpen_Cte Bad Token : )
2023-10-22 10:39:28,937 [ERROR] DependencyParser:1297 - StateRcvOpen_Cte Bad Token : )
2023-10-22 10:39:28,938 [ERROR] DependencyParser:1297 - StateRcvOpen_Cte Bad Token : )
2023-10-22 10:39:28,938 [ERROR] DependencyParser:1297 - StateRcvOpen_Cte Bad Token : )
2023-10-22 10:39:28,938 [INFO] Engine:305 - compute dependency for SwPack X-CUBE-AZRTOS-L5 have been done, no update is requested
2023-10-22 10:39:28,944 [INFO] Engine:301 - compute dependency for SwPack X-CUBE-AZRTOS-G0 have been done, and update is requested
2023-10-22 10:39:28,954 [INFO] Engine:301 - compute dependency for SwPack X-CUBE-AZRTOS-G4 have been done, and update is requested
2023-10-22 10:39:28,965 [INFO] Engine:301 - compute dependency for SwPack X-CUBE-AZRTOS-WB have been done, and update is requested
2023-10-22 10:39:28,974 [INFO] Engine:301 - compute dependency for SwPack X-CUBE-AZRTOS-WL have been done, and update is requested
2023-10-22 10:39:28,979 [INFO] Engine:301 - compute dependency for SwPack I-CUBE-wolfSSL have been done, and update is requested
2023-10-22 10:39:29,142 [INFO] Engine:301 - compute dependency for SwPack I-CUBE-embOS have been done, and update is requested
2023-10-22 10:39:29,149 [INFO] Engine:301 - compute dependency for SwPack I-Cube-SoM-uGOAL have been done, and update is requested
2023-10-22 10:39:29,159 [INFO] Engine:301 - compute dependency for SwPack I-CUBE-Cesium have been done, and update is requested
2023-10-22 10:39:29,170 [INFO] Engine:305 - compute dependency for SwPack FreeRTOS have been done, no update is requested
2023-10-22 10:39:29,170 [INFO] Engine:305 - compute dependency for SwPack lwIP have been done, no update is requested
2023-10-22 10:39:29,171 [INFO] Engine:305 - compute dependency for SwPack lwIP have been done, no update is requested
2023-10-22 10:39:29,171 [INFO] Engine:305 - compute dependency for SwPack MBEDTLS have been done, no update is requested
2023-10-22 10:39:29,171 [INFO] Engine:305 - compute dependency for SwPack MBEDTLS have been done, no update is requested
2023-10-22 10:39:29,171 [INFO] Engine:305 - compute dependency for SwPack PDM2PCM have been done, no update is requested
2023-10-22 10:39:29,171 [INFO] Engine:305 - compute dependency for SwPack PDM2PCM have been done, no update is requested
2023-10-22 10:39:29,171 [INFO] Engine:305 - compute dependency for SwPack PDM2PCM have been done, no update is requested
2023-10-22 10:39:29,176 [INFO] Engine:305 - compute dependency for SwPack USB_DEVICE have been done, no update is requested
2023-10-22 10:39:29,176 [INFO] Engine:305 - compute dependency for SwPack USB_DEVICE have been done, no update is requested
2023-10-22 10:39:29,176 [INFO] Engine:305 - compute dependency for SwPack USB_DEVICE have been done, no update is requested
2023-10-22 10:39:29,179 [INFO] Engine:305 - compute dependency for SwPack USB_HOST have been done, no update is requested
2023-10-22 10:39:29,179 [INFO] Engine:305 - compute dependency for SwPack USB_HOST have been done, no update is requested
2023-10-22 10:39:29,181 [INFO] Engine:301 - compute dependency for SwPack X-CUBE-AI have been done, and update is requested
2023-10-22 10:39:29,190 [WARN] MainUpdater:1087 - Updater busy. Cannot search thirdparties
2023-10-22 10:39:29,193 [INFO] Engine:301 - compute dependency for SwPack X-CUBE-BLE1 have been done, and update is requested
2023-10-22 10:39:29,203 [ERROR] DependencyParser:1297 - StateRcvOpen_Cte Bad Token : )
2023-10-22 10:39:29,204 [ERROR] DependencyParser:1297 - StateRcvOpen_Cte Bad Token : )
2023-10-22 10:39:29,204 [ERROR] DependencyParser:1297 - StateRcvOpen_Cte Bad Token : )
2023-10-22 10:39:29,204 [ERROR] DependencyParser:1297 - StateRcvOpen_Cte Bad Token : )
2023-10-22 10:39:29,204 [ERROR] DependencyParser:1297 - StateRcvOpen_Cte Bad Token : )
2023-10-22 10:39:29,204 [ERROR] DependencyParser:1297 - StateRcvOpen_Cte Bad Token : )
2023-10-22 10:39:29,204 [ERROR] DependencyParser:1297 - StateRcvOpen_Cte Bad Token : )
2023-10-22 10:39:29,204 [ERROR] DependencyParser:1297 - StateRcvOpen_Cte Bad Token : )
2023-10-22 10:39:29,204 [ERROR] DependencyParser:1297 - StateRcvOpen_Cte Bad Token : )
2023-10-22 10:39:29,204 [ERROR] DependencyParser:1297 - StateRcvOpen_Cte Bad Token : )
2023-10-22 10:39:29,204 [ERROR] DependencyParser:1297 - StateRcvOpen_Cte Bad Token : )
2023-10-22 10:39:29,204 [ERROR] DependencyParser:1297 - StateRcvOpen_Cte Bad Token : )
2023-10-22 10:39:29,204 [ERROR] DependencyParser:1297 - StateRcvOpen_Cte Bad Token : )
2023-10-22 10:39:29,204 [ERROR] DependencyParser:1297 - StateRcvOpen_Cte Bad Token : )
2023-10-22 10:39:29,204 [ERROR] DependencyParser:1297 - StateRcvOpen_Cte Bad Token : )
2023-10-22 10:39:29,204 [ERROR] DependencyParser:1297 - StateRcvOpen_Cte Bad Token : )
2023-10-22 10:39:29,204 [ERROR] DependencyParser:1297 - StateRcvOpen_Cte Bad Token : )
2023-10-22 10:39:29,204 [ERROR] DependencyParser:1297 - StateRcvOpen_Cte Bad Token : )
2023-10-22 10:39:29,205 [ERROR] DependencyParser:1297 - StateRcvOpen_Cte Bad Token : )
2023-10-22 10:39:29,205 [ERROR] DependencyParser:1297 - StateRcvOpen_Cte Bad Token : )
2023-10-22 10:39:29,205 [ERROR] DependencyParser:1297 - StateRcvOpen_Cte Bad Token : )
2023-10-22 10:39:29,205 [ERROR] DependencyParser:1297 - StateRcvOpen_Cte Bad Token : )
2023-10-22 10:39:29,205 [ERROR] DependencyParser:1297 - StateRcvOpen_Cte Bad Token : )
2023-10-22 10:39:29,205 [ERROR] DependencyParser:1297 - StateRcvOpen_Cte Bad Token : )
2023-10-22 10:39:29,205 [ERROR] DependencyParser:1297 - StateRcvOpen_Cte Bad Token : )
2023-10-22 10:39:29,205 [ERROR] DependencyParser:1297 - StateRcvOpen_Cte Bad Token : )
2023-10-22 10:39:29,205 [ERROR] DependencyParser:1297 - StateRcvOpen_Cte Bad Token : )
2023-10-22 10:39:29,205 [ERROR] DependencyParser:1297 - StateRcvOpen_Cte Bad Token : )
2023-10-22 10:39:29,205 [ERROR] DependencyParser:1297 - StateRcvOpen_Cte Bad Token : )
2023-10-22 10:39:29,205 [ERROR] DependencyParser:1297 - StateRcvOpen_Cte Bad Token : )
2023-10-22 10:39:29,205 [ERROR] DependencyParser:1297 - StateRcvOpen_Cte Bad Token : )
2023-10-22 10:39:29,205 [ERROR] DependencyParser:1297 - StateRcvOpen_Cte Bad Token : )
2023-10-22 10:39:29,205 [ERROR] DependencyParser:1297 - StateRcvOpen_Cte Bad Token : )
2023-10-22 10:39:29,205 [ERROR] DependencyParser:1297 - StateRcvOpen_Cte Bad Token : )
2023-10-22 10:39:29,205 [ERROR] DependencyParser:1297 - StateRcvOpen_Cte Bad Token : )
2023-10-22 10:39:29,205 [ERROR] DependencyParser:1297 - StateRcvOpen_Cte Bad Token : )
2023-10-22 10:39:29,205 [ERROR] DependencyParser:1297 - StateRcvOpen_Cte Bad Token : )
2023-10-22 10:39:29,205 [ERROR] DependencyParser:1297 - StateRcvOpen_Cte Bad Token : )
2023-10-22 10:39:29,205 [ERROR] DependencyParser:1297 - StateRcvOpen_Cte Bad Token : )
2023-10-22 10:39:29,205 [ERROR] DependencyParser:1297 - StateRcvOpen_Cte Bad Token : )
2023-10-22 10:39:29,205 [ERROR] DependencyParser:1297 - StateRcvOpen_Cte Bad Token : )
2023-10-22 10:39:29,205 [ERROR] DependencyParser:1297 - StateRcvOpen_Cte Bad Token : )
2023-10-22 10:39:29,205 [ERROR] DependencyParser:1297 - StateRcvOpen_Cte Bad Token : )
2023-10-22 10:39:29,205 [ERROR] DependencyParser:1297 - StateRcvOpen_Cte Bad Token : )
2023-10-22 10:39:29,205 [ERROR] DependencyParser:1297 - StateRcvOpen_Cte Bad Token : )
2023-10-22 10:39:29,205 [ERROR] DependencyParser:1297 - StateRcvOpen_Cte Bad Token : )
2023-10-22 10:39:29,205 [INFO] Engine:305 - compute dependency for SwPack X-CUBE-AZRTOS-L5 have been done, no update is requested
2023-10-22 10:39:29,212 [INFO] Engine:301 - compute dependency for SwPack X-CUBE-AZRTOS-WB have been done, and update is requested
2023-10-22 10:39:29,238 [INFO] Engine:301 - compute dependency for SwPack X-CUBE-NFC6 have been done, and update is requested
2023-10-22 10:39:29,249 [INFO] Engine:305 - compute dependency for SwPack X-CUBE-TOUCHGFX have been done, no update is requested
2023-10-22 10:39:29,612 [INFO] Engine:301 - compute dependency for SwPack X-CUBE-MEMS1 have been done, and update is requested
2023-10-22 10:39:29,618 [INFO] ThirdPartyDb:299 - Save Third Party DataBase File (C:/Users/Admin/.stm32cubemx/plugins/thirdparty/db/thirdparties_db.xml) [forced]
2023-10-22 10:39:29,633 [INFO] LoadServerUpdatesThread:309 - End of LoadServerUpdate Thread
2023-10-22 10:39:30,559 [INFO] LoadUrlFilesThread:135 - End of LoadUrlFiles Thread
2023-10-22 10:39:30,657 [INFO] ServerAccessManage:348 - Download File boardsDocs.json._tmp_
2023-10-22 10:39:30,678 [INFO] LoadUrlFilesThread:135 - End of LoadUrlFiles Thread
2023-10-22 10:39:30,770 [INFO] ServerAccessManage:348 - Download File boards.json._tmp_
2023-10-22 10:39:30,915 [INFO] LoadUrlFilesThread:135 - End of LoadUrlFiles Thread
2023-10-22 10:39:31,411 [INFO] ServerAccessManage:348 - Download File cube-finder-db.zip
2023-10-22 10:39:32,201 [WARN] MainUpdater:1087 - Updater busy. Cannot search thirdparties
2023-10-22 10:39:35,205 [WARN] MainUpdater:1087 - Updater busy. Cannot search thirdparties
2023-10-22 10:39:38,211 [WARN] MainUpdater:1087 - Updater busy. Cannot search thirdparties
2023-10-22 10:39:40,195 [INFO] FileExtend:225 - Unzip File : cube-finder-db.zip
2023-10-22 10:39:40,196 [INFO] FileExtend:240 - Standard Zip Deflate
2023-10-22 10:39:40,568 [INFO] LoadUrlFilesThread:135 - End of LoadUrlFiles Thread
2023-10-22 10:39:41,032 [INFO] ServerAccessManage:348 - Download File crdb.zip
2023-10-22 10:39:41,214 [WARN] MainUpdater:1087 - Updater busy. Cannot search thirdparties
2023-10-22 10:39:41,478 [INFO] FileExtend:225 - Unzip File : crdb.zip
2023-10-22 10:39:41,480 [INFO] FileExtend:240 - Standard Zip Deflate
2023-10-22 10:39:41,496 [INFO] LoadUrlFilesThread:135 - End of LoadUrlFiles Thread
2023-10-22 10:39:41,919 [INFO] ServerAccessManage:348 - Download File tutoVideoDB.zip
2023-10-22 10:39:42,013 [INFO] FileExtend:225 - Unzip File : tutoVideoDB.zip
2023-10-22 10:39:42,015 [INFO] FileExtend:240 - Standard Zip Deflate
2023-10-22 10:39:42,022 [INFO] LoadUrlFilesThread:135 - End of LoadUrlFiles Thread
2023-10-22 10:39:42,039 [INFO] DbMcusDocs:145 - JSON generation date=Tue Nov 16 18:17:54 EET 2021 (1637079474)
2023-10-22 10:39:42,040 [INFO] DbMcusXml:100 - Load MCU database from C:\ST\STM32CubeIDE_1.4.0\STM32CubeIDE\plugins\com.st.stm32cube.common.mx_6.0.0.202007160824\\db\/mcu/families.xml
2023-10-22 10:39:42,513 [INFO] DbMcusJson:92 - JSON generation date=Tue Nov 16 18:17:54 EET 2021 (1637079474)
2023-10-22 10:39:43,131 [INFO] DbMcus:175 - Found 1761 MCUs (1722 are supported by CubeMX, 1911 are visible in CubeMX)
2023-10-22 10:39:43,132 [INFO] ApiDb:201 - Load user favorites file C:\Users\Admin/.stm32cubemx/favorites.mcus.txt: 0 item(s)
2023-10-22 10:39:43,132 [INFO] ApiDb:205 - User favorites MCUs=[]
2023-10-22 10:39:43,132 [INFO] DbMcus:187 - Set 0 / 0 favorites MCUs
2023-10-22 10:39:43,411 [INFO] DbMcusDocs:81 - Found 682 MCUs documents
2023-10-22 10:39:43,413 [INFO] ApiDb:226 - Save user favorites file C:\Users\Admin/.stm32cubemx/favorites.mcus.txt: 0 item(s)
2023-10-22 10:39:43,413 [INFO] ApiDb:230 - User favorites MCUs=[]
2023-10-22 10:39:43,413 [INFO] DbMcusXml:100 - Load MCU database from C:\ST\STM32CubeIDE_1.4.0\STM32CubeIDE\plugins\com.st.stm32cube.common.mx_6.0.0.202007160824\\db\/mcu/families.xml
2023-10-22 10:39:43,812 [INFO] DbMcusJson:92 - JSON generation date=Tue Nov 16 18:17:54 EET 2021 (1637079474)
2023-10-22 10:39:44,193 [INFO] DbMcus:175 - Found 1761 MCUs (1722 are supported by CubeMX, 1911 are visible in CubeMX)
2023-10-22 10:39:44,194 [INFO] ApiDb:201 - Load user favorites file C:\Users\Admin/.stm32cubemx/favorites.mcus.txt: 0 item(s)
2023-10-22 10:39:44,194 [INFO] ApiDb:205 - User favorites MCUs=[]
2023-10-22 10:39:44,194 [INFO] DbMcus:187 - Set 0 / 0 favorites MCUs
2023-10-22 10:39:44,201 [INFO] DbBoardsDocs:145 - JSON generation date=Tue Nov 16 18:17:54 EET 2021 (1637079474)
2023-10-22 10:39:44,210 [INFO] DbBoardsPdsc:94 - Found 23 items
2023-10-22 10:39:44,211 [INFO] DbBoardsPdsc:94 - Found 9 items
2023-10-22 10:39:44,213 [INFO] DbBoardsPdsc:94 - Found 29 items
2023-10-22 10:39:44,214 [INFO] DbBoardsPdsc:94 - Found 1 items
2023-10-22 10:39:44,217 [INFO] DbBoardsPdsc:94 - Found 44 items
2023-10-22 10:39:44,220 [INFO] DbBoardsPdsc:94 - Found 40 items
2023-10-22 10:39:44,221 [INFO] DbBoardsPdsc:94 - Found 2 items
2023-10-22 10:39:44,223 [INFO] DbBoardsPdsc:94 - Found 4 items
2023-10-22 10:39:44,229 [WARN] DbBoardsPdsc:258 - Board STM32H7B3I-DK: unknown feature type=Audio, name=, username=Audio stereo codec with Headphone Amp (CS42L51-CNZ), n=1
2023-10-22 10:39:44,229 [WARN] DbBoardsPdsc:258 - Board STM32H735G-DK: unknown feature type=Audio, name=, username=Audio stereo codec with Headphone Amp (WM8994ECS/R), n=1
2023-10-22 10:39:44,231 [WARN] DbBoardsPdsc:258 - Board STM32H7B3I-EVAL: unknown feature type=Audio, name=, username=Multi-Channel Audio Codec (CS42L51-CNZ), n=1
2023-10-22 10:39:44,231 [WARN] DbBoardsPdsc:258 - Board STM32H7B3I-EVAL: unknown feature type=Meter, name=, username=Power-metering and Temperature-monitoring with sigma-delta modulators, n=1
2023-10-22 10:39:44,231 [WARN] DbBoardsPdsc:258 - Board STM32H7B3I-EVAL: unknown feature type=Motor, name=, username=Motor Control, n=1
2023-10-22 10:39:44,244 [INFO] DbBoardsJson:85 - JSON generation date=Tue Nov 16 18:17:54 EET 2021 (1637079474)
2023-10-22 10:39:44,250 [INFO] DbBoards:117 - Found 166 boards (149 are supported by CubeMX)
2023-10-22 10:39:44,251 [INFO] DbBoardsDocs:145 - JSON generation date=Tue Nov 16 18:17:54 EET 2021 (1637079474)
2023-10-22 10:39:44,255 [INFO] DbBoardsDocs:81 - Found 209 boards documents
2023-10-22 10:39:44,256 [WARN] DbBoards:127 - board B-L475E-IOT01A2 has no document id list !
2023-10-22 10:39:44,257 [WARN] DbBoards:127 - board NUCLEO-H743ZI has no document id list !
2023-10-22 10:39:44,258 [WARN] DbBoards:127 - board P-NUCLEO-WB55-Nucleo has no document id list !
2023-10-22 10:39:44,258 [WARN] DbBoards:127 - board P-NUCLEO-WB55-USBDongle has no document id list !
2023-10-22 10:39:44,258 [WARN] DbBoards:127 - board STEVAL-BFA001V1B has no document id list !
2023-10-22 10:39:44,258 [WARN] DbBoards:127 - board STEVAL-BFA001V2B has no document id list !
2023-10-22 10:39:44,258 [WARN] DbBoards:127 - board STEVAL-IDP005V1 has no document id list !
2023-10-22 10:39:44,258 [WARN] DbBoards:127 - board STEVAL-IDP005V2 has no document id list !
2023-10-22 10:39:44,258 [WARN] DbBoards:127 - board STEVAL-MKSBOX1V1 has no document id list !
2023-10-22 10:39:44,258 [WARN] DbBoards:127 - board STEVAL-STWINKT1 has no document id list !
2023-10-22 10:39:44,258 [WARN] DbBoards:127 - board STEVAL-STWINKT1B has no document id list !
2023-10-22 10:39:44,258 [WARN] DbBoards:127 - board STM32439I-EVAL2 has no document id list !
2023-10-22 10:39:44,258 [WARN] DbBoards:127 - board STM32F401C-DISCO has no document id list !
2023-10-22 10:39:44,259 [WARN] DbBoards:127 - board STM32F769I-DISC1 has no document id list !
2023-10-22 10:39:44,259 [WARN] DbBoards:127 - board STM32G474E-EVAL1 has no document id list !
2023-10-22 10:39:44,259 [WARN] DbBoards:127 - board STM32H743I-EVAL2 has no document id list !
2023-10-22 10:39:44,259 [WARN] DbBoards:127 - board STM32H747I-DISC1 has no document id list !
2023-10-22 10:39:44,259 [WARN] DbBoards:127 - board STM32H753I-EVAL2 has no document id list !
2023-10-22 10:39:44,259 [WARN] DbBoards:127 - board STM32L-DISCOVERY has no document id list !
2023-10-22 10:39:44,333 [ERROR] DbBoards:189 - Image file not found for board B-L462E-CELL1: C:\ST\STM32CubeIDE_1.4.0\STM32CubeIDE\plugins\com.st.stm32cube.common.mx_6.0.0.202007160824\\db\/plugins/mcufinder/images/boards/B-L462E-CELL1_small.jpg
2023-10-22 10:39:44,368 [ERROR] DbBoards:189 - Image file not found for board B-U585I-IOT02A: C:\ST\STM32CubeIDE_1.4.0\STM32CubeIDE\plugins\com.st.stm32cube.common.mx_6.0.0.202007160824\\db\/plugins/mcufinder/images/boards/B-U585I-IOT02A_small.jpg
2023-10-22 10:39:44,477 [ERROR] DbBoards:189 - Image file not found for board NUCLEO-F413ZH: C:\ST\STM32CubeIDE_1.4.0\STM32CubeIDE\plugins\com.st.stm32cube.common.mx_6.0.0.202007160824\\db\/plugins/mcufinder/images/boards/nucleo-f413zh_small.jpg
2023-10-22 10:39:44,514 [INFO] ThirdPartyDb:299 - Save Third Party DataBase File (C:/Users/Admin/.stm32cubemx/plugins/thirdparty/db/thirdparties_db.xml) [forced]
2023-10-22 10:39:44,556 [INFO] ThirdPartyDb:299 - Save Third Party DataBase File (C:/Users/Admin/.stm32cubemx/plugins/thirdparty/db/thirdparties_db.xml) [forced]
2023-10-22 10:39:44,568 [INFO] IntegrityCheckThread:76 - exiting critical section [integrity check]
2023-10-22 10:39:44,568 [INFO] IntegrityCheckThread:79 - End integrity checks thread
2023-10-22 10:39:44,589 [ERROR] DbBoards:189 - Image file not found for board NUCLEO-L552ZE-Q: C:\ST\STM32CubeIDE_1.4.0\STM32CubeIDE\plugins\com.st.stm32cube.common.mx_6.0.0.202007160824\\db\/plugins/mcufinder/images/boards/nucleo_l552ze_q_small.jpg
2023-10-22 10:39:44,589 [ERROR] DbBoards:189 - Image file not found for board NUCLEO-U575ZI-Q: C:\ST\STM32CubeIDE_1.4.0\STM32CubeIDE\plugins\com.st.stm32cube.common.mx_6.0.0.202007160824\\db\/plugins/mcufinder/images/boards/nucleo-u575zi-q_small.jpg
2023-10-22 10:39:44,589 [ERROR] DbBoards:189 - Image file not found for board NUCLEO-WB15CC: C:\ST\STM32CubeIDE_1.4.0\STM32CubeIDE\plugins\com.st.stm32cube.common.mx_6.0.0.202007160824\\db\/plugins/mcufinder/images/boards/nucleo-wb15cc_small.jpg
2023-10-22 10:39:44,589 [ERROR] DbBoards:189 - Image file not found for board NUCLEO-WB55RG: C:\ST\STM32CubeIDE_1.4.0\STM32CubeIDE\plugins\com.st.stm32cube.common.mx_6.0.0.202007160824\\db\/plugins/mcufinder/images/boards/nucleo-wb55rg_small.jpg
2023-10-22 10:39:44,589 [ERROR] DbBoards:189 - Image file not found for board NUCLEO-WL55JC: C:\ST\STM32CubeIDE_1.4.0\STM32CubeIDE\plugins\com.st.stm32cube.common.mx_6.0.0.202007160824\\db\/plugins/mcufinder/images/boards/nucleo-wl55jc-small.jpg
2023-10-22 10:39:44,747 [ERROR] DbBoards:189 - Image file not found for board STEVAL-STWINKT1B: C:\ST\STM32CubeIDE_1.4.0\STM32CubeIDE\plugins\com.st.stm32cube.common.mx_6.0.0.202007160824\\db\/plugins/mcufinder/images/boards/steval-stwinkt1b_small.jpg
2023-10-22 10:39:45,004 [ERROR] DbBoards:189 - Image file not found for board STM32G0C1E-EV: C:\ST\STM32CubeIDE_1.4.0\STM32CubeIDE\plugins\com.st.stm32cube.common.mx_6.0.0.202007160824\\db\/plugins/mcufinder/images/boards/stm32g0c1e-eval_small.jpg
2023-10-22 10:39:45,076 [ERROR] DbBoards:189 - Image file not found for board STM32H7B3I-EVAL: C:\ST\STM32CubeIDE_1.4.0\STM32CubeIDE\plugins\com.st.stm32cube.common.mx_6.0.0.202007160824\\db\/plugins/mcufinder/images/boards/stm32h7b3ieval_small.jpg
2023-10-22 10:39:45,200 [ERROR] DbBoards:189 - Image file not found for board STM32U575I-EV: C:\ST\STM32CubeIDE_1.4.0\STM32CubeIDE\plugins\com.st.stm32cube.common.mx_6.0.0.202007160824\\db\/plugins/mcufinder/images/boards/stm32u575i-ev_small.jpg
2023-10-22 10:39:45,221 [ERROR] DbBoards:189 - Image file not found for board STM32WB5MM-DK: C:\ST\STM32CubeIDE_1.4.0\STM32CubeIDE\plugins\com.st.stm32cube.common.mx_6.0.0.202007160824\\db\/plugins/mcufinder/images/boards/STM32WB5MM-DK_small.jpg
2023-10-22 10:39:45,221 [INFO] ApiDb:201 - Load user favorites file C:\Users\Admin/.stm32cubemx/favorites.boards.txt: 0 item(s)
2023-10-22 10:39:45,221 [INFO] ApiDb:205 - User favorites Boards=[]
2023-10-22 10:39:45,221 [INFO] DbBoards:206 - Set 0 / 0 favorites Boards
2023-10-22 10:39:45,223 [INFO] DbBoardsDocs:81 - Found 418 boards documents
2023-10-22 10:39:45,223 [INFO] ApiDb:226 - Save user favorites file C:\Users\Admin/.stm32cubemx/favorites.boards.txt: 0 item(s)
2023-10-22 10:39:45,223 [INFO] ApiDb:230 - User favorites Boards=[]
2023-10-22 10:39:45,225 [INFO] DbBoardsPdsc:94 - Found 23 items
2023-10-22 10:39:45,226 [INFO] DbBoardsPdsc:94 - Found 9 items
2023-10-22 10:39:45,227 [INFO] DbBoardsPdsc:94 - Found 29 items
2023-10-22 10:39:45,227 [INFO] DbBoardsPdsc:94 - Found 1 items
2023-10-22 10:39:45,229 [INFO] DbBoardsPdsc:94 - Found 44 items
2023-10-22 10:39:45,231 [INFO] DbBoardsPdsc:94 - Found 40 items
2023-10-22 10:39:45,232 [INFO] DbBoardsPdsc:94 - Found 2 items
2023-10-22 10:39:45,232 [INFO] DbBoardsPdsc:94 - Found 4 items
2023-10-22 10:39:45,234 [WARN] DbBoardsPdsc:258 - Board STM32H7B3I-DK: unknown feature type=Audio, name=, username=Audio stereo codec with Headphone Amp (CS42L51-CNZ), n=1
2023-10-22 10:39:45,234 [WARN] DbBoardsPdsc:258 - Board STM32H735G-DK: unknown feature type=Audio, name=, username=Audio stereo codec with Headphone Amp (WM8994ECS/R), n=1
2023-10-22 10:39:45,235 [WARN] DbBoardsPdsc:258 - Board STM32H7B3I-EVAL: unknown feature type=Audio, name=, username=Multi-Channel Audio Codec (CS42L51-CNZ), n=1
2023-10-22 10:39:45,235 [WARN] DbBoardsPdsc:258 - Board STM32H7B3I-EVAL: unknown feature type=Meter, name=, username=Power-metering and Temperature-monitoring with sigma-delta modulators, n=1
2023-10-22 10:39:45,235 [WARN] DbBoardsPdsc:258 - Board STM32H7B3I-EVAL: unknown feature type=Motor, name=, username=Motor Control, n=1
2023-10-22 10:39:45,244 [INFO] DbBoardsJson:85 - JSON generation date=Tue Nov 16 18:17:54 EET 2021 (1637079474)
2023-10-22 10:39:45,249 [INFO] DbBoards:117 - Found 166 boards (149 are supported by CubeMX)
2023-10-22 10:39:45,249 [WARN] DbBoards:127 - board B-L475E-IOT01A2 has no document id list !
2023-10-22 10:39:45,250 [WARN] DbBoards:127 - board NUCLEO-H743ZI has no document id list !
2023-10-22 10:39:45,251 [WARN] DbBoards:127 - board P-NUCLEO-WB55-Nucleo has no document id list !
2023-10-22 10:39:45,251 [WARN] DbBoards:127 - board P-NUCLEO-WB55-USBDongle has no document id list !
2023-10-22 10:39:45,251 [WARN] DbBoards:127 - board STEVAL-BFA001V1B has no document id list !
2023-10-22 10:39:45,251 [WARN] DbBoards:127 - board STEVAL-BFA001V2B has no document id list !
2023-10-22 10:39:45,251 [WARN] DbBoards:127 - board STEVAL-IDP005V1 has no document id list !
2023-10-22 10:39:45,251 [WARN] DbBoards:127 - board STEVAL-IDP005V2 has no document id list !
2023-10-22 10:39:45,251 [WARN] DbBoards:127 - board STEVAL-MKSBOX1V1 has no document id list !
2023-10-22 10:39:45,251 [WARN] DbBoards:127 - board STEVAL-STWINKT1 has no document id list !
2023-10-22 10:39:45,251 [WARN] DbBoards:127 - board STEVAL-STWINKT1B has no document id list !
2023-10-22 10:39:45,251 [WARN] DbBoards:127 - board STM32439I-EVAL2 has no document id list !
2023-10-22 10:39:45,251 [WARN] DbBoards:127 - board STM32F401C-DISCO has no document id list !
2023-10-22 10:39:45,252 [WARN] DbBoards:127 - board STM32F769I-DISC1 has no document id list !
2023-10-22 10:39:45,252 [WARN] DbBoards:127 - board STM32G474E-EVAL1 has no document id list !
2023-10-22 10:39:45,252 [WARN] DbBoards:127 - board STM32H743I-EVAL2 has no document id list !
2023-10-22 10:39:45,252 [WARN] DbBoards:127 - board STM32H747I-DISC1 has no document id list !
2023-10-22 10:39:45,252 [WARN] DbBoards:127 - board STM32H753I-EVAL2 has no document id list !
2023-10-22 10:39:45,253 [WARN] DbBoards:127 - board STM32L-DISCOVERY has no document id list !
2023-10-22 10:39:45,274 [ERROR] DbBoards:189 - Image file not found for board B-L462E-CELL1: C:\ST\STM32CubeIDE_1.4.0\STM32CubeIDE\plugins\com.st.stm32cube.common.mx_6.0.0.202007160824\\db\/plugins/mcufinder/images/boards/B-L462E-CELL1_small.jpg
2023-10-22 10:39:45,290 [ERROR] DbBoards:189 - Image file not found for board B-U585I-IOT02A: C:\ST\STM32CubeIDE_1.4.0\STM32CubeIDE\plugins\com.st.stm32cube.common.mx_6.0.0.202007160824\\db\/plugins/mcufinder/images/boards/B-U585I-IOT02A_small.jpg
2023-10-22 10:39:45,326 [ERROR] DbBoards:189 - Image file not found for board NUCLEO-F413ZH: C:\ST\STM32CubeIDE_1.4.0\STM32CubeIDE\plugins\com.st.stm32cube.common.mx_6.0.0.202007160824\\db\/plugins/mcufinder/images/boards/nucleo-f413zh_small.jpg
2023-10-22 10:39:45,409 [ERROR] DbBoards:189 - Image file not found for board NUCLEO-L552ZE-Q: C:\ST\STM32CubeIDE_1.4.0\STM32CubeIDE\plugins\com.st.stm32cube.common.mx_6.0.0.202007160824\\db\/plugins/mcufinder/images/boards/nucleo_l552ze_q_small.jpg
2023-10-22 10:39:45,409 [ERROR] DbBoards:189 - Image file not found for board NUCLEO-U575ZI-Q: C:\ST\STM32CubeIDE_1.4.0\STM32CubeIDE\plugins\com.st.stm32cube.common.mx_6.0.0.202007160824\\db\/plugins/mcufinder/images/boards/nucleo-u575zi-q_small.jpg
2023-10-22 10:39:45,409 [ERROR] DbBoards:189 - Image file not found for board NUCLEO-WB15CC: C:\ST\STM32CubeIDE_1.4.0\STM32CubeIDE\plugins\com.st.stm32cube.common.mx_6.0.0.202007160824\\db\/plugins/mcufinder/images/boards/nucleo-wb15cc_small.jpg
2023-10-22 10:39:45,409 [ERROR] DbBoards:189 - Image file not found for board NUCLEO-WB55RG: C:\ST\STM32CubeIDE_1.4.0\STM32CubeIDE\plugins\com.st.stm32cube.common.mx_6.0.0.202007160824\\db\/plugins/mcufinder/images/boards/nucleo-wb55rg_small.jpg
2023-10-22 10:39:45,409 [ERROR] DbBoards:189 - Image file not found for board NUCLEO-WL55JC: C:\ST\STM32CubeIDE_1.4.0\STM32CubeIDE\plugins\com.st.stm32cube.common.mx_6.0.0.202007160824\\db\/plugins/mcufinder/images/boards/nucleo-wl55jc-small.jpg
2023-10-22 10:39:45,467 [ERROR] DbBoards:189 - Image file not found for board STEVAL-STWINKT1B: C:\ST\STM32CubeIDE_1.4.0\STM32CubeIDE\plugins\com.st.stm32cube.common.mx_6.0.0.202007160824\\db\/plugins/mcufinder/images/boards/steval-stwinkt1b_small.jpg
2023-10-22 10:39:45,582 [ERROR] DbBoards:189 - Image file not found for board STM32G0C1E-EV: C:\ST\STM32CubeIDE_1.4.0\STM32CubeIDE\plugins\com.st.stm32cube.common.mx_6.0.0.202007160824\\db\/plugins/mcufinder/images/boards/stm32g0c1e-eval_small.jpg
2023-10-22 10:39:45,620 [ERROR] DbBoards:189 - Image file not found for board STM32H7B3I-EVAL: C:\ST\STM32CubeIDE_1.4.0\STM32CubeIDE\plugins\com.st.stm32cube.common.mx_6.0.0.202007160824\\db\/plugins/mcufinder/images/boards/stm32h7b3ieval_small.jpg
2023-10-22 10:39:45,691 [ERROR] DbBoards:189 - Image file not found for board STM32U575I-EV: C:\ST\STM32CubeIDE_1.4.0\STM32CubeIDE\plugins\com.st.stm32cube.common.mx_6.0.0.202007160824\\db\/plugins/mcufinder/images/boards/stm32u575i-ev_small.jpg
2023-10-22 10:39:45,701 [ERROR] DbBoards:189 - Image file not found for board STM32WB5MM-DK: C:\ST\STM32CubeIDE_1.4.0\STM32CubeIDE\plugins\com.st.stm32cube.common.mx_6.0.0.202007160824\\db\/plugins/mcufinder/images/boards/STM32WB5MM-DK_small.jpg
2023-10-22 10:39:45,702 [INFO] ApiDb:201 - Load user favorites file C:\Users\Admin/.stm32cubemx/favorites.boards.txt: 0 item(s)
2023-10-22 10:39:45,702 [INFO] ApiDb:205 - User favorites Boards=[]
2023-10-22 10:39:45,702 [INFO] DbBoards:206 - Set 0 / 0 favorites Boards
2023-10-22 10:39:45,775 [INFO] DbExamplesSqlite:156 - SQLite db open (C:\Users\Admin\.stmcufinder\plugins\mcufinder\mcu\cube-finder-db.db)
2023-10-22 10:39:46,792 [INFO] DbExamplesSqlite:447 - Ignored 0 examples not supported by CubeIDE
2023-10-22 10:39:46,792 [INFO] DbExamplesSqlite:448 - Found 7231 examples active
2023-10-22 10:39:46,792 [INFO] DbExamplesSqlite:449 - Found 677 examples obsolete
2023-10-22 10:39:46,792 [INFO] DbExamplesSqlite:450 - Found 0 examples under development
2023-10-22 10:39:46,792 [INFO] DbExamplesSqlite:451 - Found 74 examples not building
2023-10-22 10:39:46,837 [INFO] DbExamplesSqlite:130 - SQLite Data Model version=2.1
2023-10-22 10:39:46,837 [INFO] DbExamplesSqlite:131 - SQLite Configuration version=3.0.37
2023-10-22 10:39:46,837 [INFO] DbExamplesSqlite:132 - SQLite generation date=2023-08-09 (1691586011)
2023-10-22 10:39:46,837 [INFO] DbExamplesSqlite:133 - SQLite FW Pack versions=[FP-ATR-ASTRA1_V2.0.0, FP-SNS-FLIGHT1_V5.0.1, FP-SNS-FLIGHT1_V5.0.2, FP-SNS-MOTENV1_V4.3.1, FP-SNS-MOTENV1_V4.3.2, STM32Cube_FW_C0_V1.1.0, STM32Cube_FW_F4_V1.27.1, STM32Cube_FW_F7_V1.17.0, STM32Cube_FW_G0_V1.6.1, STM32Cube_FW_G4_V1.5.1, STM32Cube_FW_H5_V0.5.1, STM32Cube_FW_H5_V1.1.0, STM32Cube_FW_H7_V1.11.0, STM32Cube_FW_L0_V1.12.2, STM32Cube_FW_L5_V1.5.0, STM32Cube_FW_U5_V1.3.0, STM32Cube_FW_U5_V1.3.0RC4, STM32Cube_FW_WBA_V1.0.0RC1, STM32Cube_FW_WBA_V1.1.0, STM32Cube_FW_WBA_V1.1.0RC1, STM32Cube_FW_WB_V1.15.0RC1, STM32Cube_FW_WB_V1.16.0, STM32Cube_FW_WB_V1.16.0RC2, STM32Cube_FW_WB_V1.17.0, STM32Cube_FW_WL_V1.3.0, X-CUBE-ALGOBUILD_V1.3.0, X-CUBE-ALS_V1.0.1, X-CUBE-AZRTOS-F4_V1.1.0, X-CUBE-AZRTOS-F7_V1.1.0, X-CUBE-AZRTOS-G0_V1.1.0, X-CUBE-AZRTOS-G4_V2.0.0, X-CUBE-AZRTOS-H7_V3.1.0, X-CUBE-AZRTOS-L4_V1.0.0, X-CUBE-AZRTOS-L4_V2.0.0, X-CUBE-AZRTOS-L5_V1.1.0, X-CUBE-AZRTOS-WB_V1.1.0, X-CUBE-AZRTOS-WL_V2.0.0, X-CUBE-BLE1_V7.0.0, X-CUBE-BLE2_V3.3.0, X-CUBE-BLEMGR_V2.0.0, X-CUBE-EEPRMA1_V4.1.0, X-CUBE-FREERTOS_V1.1.0, X-CUBE-GNSS1_V6.0.0, X-CUBE-MEMS1_V9.1.0, X-CUBE-MEMS1_V9.4.0, X-CUBE-MEMS1_V9.6.0, X-CUBE-NFC4_V3.0.0, X-CUBE-NFC7_V1.0.0, X-CUBE-SFXS2LP1_V4.0.0, X-CUBE-SUBG2_V5.0.0, X-CUBE-TOF1_V3.3.1]
2023-10-22 10:39:46,838 [INFO] DbExamples:123 - Found 7305 examples
2023-10-22 10:39:47,142 [ERROR] DbExamples:199 - Found 7305 examples with invalid data (board or MCU)
2023-10-22 10:39:47,143 [INFO] DbExamples:215 - Found 77 boards with related examples
2023-10-22 10:39:47,143 [INFO] DbExamples:228 - Found 0 MCUs with related examples
2023-10-22 10:39:47,164 [INFO] ApiDb:192 - User favorites file not found: C:\Users\Admin/.stm32cubemx/favorites.examples.txt
2023-10-22 10:39:47,164 [INFO] DbExamples:249 - Set 0 / 0 favorites Examples
2023-10-22 10:39:47,317 [INFO] McuFinderGlobals:40 - Set McuFinder mode to 2 (CubeIDE integrated)
2023-10-22 10:39:47,404 [INFO] CrossSelectorPresenter:1330 - Cross Selector saved comparison directory: C:\Users\Admin\.stmcufinder\plugins\mcufinder\mcu\cs_comparisons_mx
2023-10-22 10:39:47,408 [INFO] MultiScanPanel:193 - Auto-refresh data requested => check proxy status ongoing
2023-10-22 10:39:47,410 [INFO] FinderPluginLoader:87 - Searching for filters in installed packs
2023-10-22 10:39:47,706 [INFO] LoadUrlFilesThread:162 - End of LoadServerUrlFiles without Thread
2023-10-22 10:39:47,733 [INFO] DetailPanel:331 - Set advertising image to C:/Users/Admin/STM32Cube/Repository/\stm32cubemx-promo_image.jpg
2023-10-22 10:39:48,028 [INFO] McuFilterPanel:245 - Update 0 favorites MCUs
2023-10-22 10:40:31,058 [INFO] LogOutputStream:76 - [STDOUT_REDIRECT] withoutVersionV1.8.4
2023-10-22 10:40:31,059 [INFO] LogOutputStream:76 - [STDOUT_REDIRECT] withoutVersionV1.8.3
2023-10-22 10:40:31,059 [INFO] LogOutputStream:76 - [STDOUT_REDIRECT] withoutVersionV1.8.2
2023-10-22 10:40:31,059 [INFO] LogOutputStream:76 - [STDOUT_REDIRECT] withoutVersionV1.8.1
2023-10-22 10:40:31,060 [INFO] LogOutputStream:76 - [STDOUT_REDIRECT] withoutVersionV1.8.0
2023-10-22 10:40:33,196 [INFO] ApiDb:226 - Save user favorites file C:\Users\Admin/.stm32cubeide/favorites.mcus.txt: 0 item(s)
2023-10-22 10:40:33,196 [INFO] ApiDb:230 - User favorites MCUs=[]
2023-10-25 16:52:30,315 [INFO] Activator:178 - 


2023-10-25 16:52:30,318 [INFO] Activator:179 - !SESSION log4j initialized
2023-10-26 15:11:03,943 [INFO] Activator:178 - 


2023-10-26 15:11:03,946 [INFO] Activator:179 - !SESSION log4j initialized
2023-10-26 15:16:22,586 [INFO] Activator:178 - 


2023-10-26 15:16:22,588 [INFO] Activator:179 - !SESSION log4j initialized
2023-10-26 16:17:24,869 [ERROR] LogOutputStream:74 - [STDERR_REDIRECT] Oct 26, 2023 4:17:24 PM java.util.prefs.WindowsPreferences WindowsRegOpenKey1
2023-10-26 16:17:24,870 [ERROR] LogOutputStream:74 - [STDERR_REDIRECT] WARNING: Trying to recreate Windows registry node Software\JavaSoft\Prefs\com\st\library\analyticscore at root 0x80000001.
2023-10-26 16:17:24,871 [ERROR] LogOutputStream:74 - [STDERR_REDIRECT] 
2023-10-26 16:17:25,314 [ERROR] LogOutputStream:74 - [STDERR_REDIRECT] 
2023-10-26 18:22:24,875 [INFO] Activator:178 - 


2023-10-26 18:22:24,878 [INFO] Activator:179 - !SESSION log4j initialized
2023-11-02 15:07:47,535 [INFO] Activator:178 - 


2023-11-02 15:07:47,539 [INFO] Activator:179 - !SESSION log4j initialized
